#
# There is insufficient memory for the Java Runtime Environment to continue.
# Native memory allocation (mmap) failed to map 186646528 bytes. Error detail: G1 virtual space
# Possible reasons:
#   The system is out of physical RAM or swap space
#   This process is running with CompressedOops enabled, and the Java Heap may be blocking the growth of the native heap
# Possible solutions:
#   Reduce memory load on the system
#   Increase physical memory or swap space
#   Check if swap backing store is full
#   Decrease Java heap size (-Xmx/-Xms)
#   Decrease number of Java threads
#   Decrease Java thread stack sizes (-Xss)
#   Set larger code cache with -XX:ReservedCodeCacheSize=
#   JVM is running with Unscaled Compressed Oops mode in which the Java heap is
#     placed in the first 4GB address space. The Java Heap base address is the
#     maximum limit for the native heap growth. Please use -XX:HeapBaseMinAddress
#     to set the Java Heap base and to place the Java Heap above 4GB virtual address.
# This output file may be truncated or incomplete.
#
#  Out of Memory Error (os_windows.cpp:3690), pid=11324, tid=13904
#
# JRE version: OpenJDK Runtime Environment Microsoft-12574423 (17.0.17+10) (build 17.0.17+10-LTS)
# Java VM: OpenJDK 64-Bit Server VM Microsoft-12574423 (17.0.17+10-LTS, mixed mode, sharing, tiered, compressed oops, compressed class ptrs, g1 gc, windows-amd64)
# No core dump will be written. Minidumps are not enabled by default on client versions of Windows
#

---------------  S U M M A R Y ------------

Command Line: -javaagent:C:\Java\IntelliJ IDEA 2025.2\lib\idea_rt.jar=58187 -Dfile.encoding=UTF-8 com.Merlin.Inventory.Management.System.InventoryManagementSystemApplication

Host: Intel(R) Core(TM) i5-4300U CPU @ 1.90GHz, 4 cores, 3G,  Windows 11 , 64 bit Build 26100 (10.0.26100.4484)
Time: Sun May 31 22:24:31 2026 E. Africa Standard Time elapsed time: 27.091482 seconds (0d 0h 0m 27s)

---------------  T H R E A D  ---------------

Current thread (0x000001b3fd91c2b0):  VMThread "VM Thread" [stack: 0x00000049fb900000,0x00000049fba00000] [id=13904]

Stack: [0x00000049fb900000,0x00000049fba00000]
Native frames: (J=compiled Java code, j=interpreted, Vv=VM code, C=native code)
V  [jvm.dll+0x68c459]  (no source info available)
V  [jvm.dll+0x845e09]  (no source info available)
V  [jvm.dll+0x847b78]  (no source info available)
V  [jvm.dll+0x848203]  (no source info available)
V  [jvm.dll+0x24cf6f]  (no source info available)
V  [jvm.dll+0x68b859]  (no source info available)
V  [jvm.dll+0x67fe1a]  (no source info available)
V  [jvm.dll+0x3100f0]  (no source info available)
V  [jvm.dll+0x30ff92]  (no source info available)
V  [jvm.dll+0x3174e9]  (no source info available)
V  [jvm.dll+0x3697c9]  (no source info available)
V  [jvm.dll+0x3699fd]  (no source info available)
V  [jvm.dll+0x2e68fa]  (no source info available)
V  [jvm.dll+0x2e4cf1]  (no source info available)
V  [jvm.dll+0x2e448c]  (no source info available)
V  [jvm.dll+0x328e1b]  (no source info available)
V  [jvm.dll+0x84ca8d]  (no source info available)
V  [jvm.dll+0x84d7a3]  (no source info available)
V  [jvm.dll+0x84dcd4]  (no source info available)
V  [jvm.dll+0x84e0b8]  (no source info available)
V  [jvm.dll+0x84e1ae]  (no source info available)
V  [jvm.dll+0x7f5a5c]  (no source info available)
V  [jvm.dll+0x68d9f7]  (no source info available)
C  [ucrtbase.dll+0x37b0]  (no source info available)
C  [KERNEL32.DLL+0x2e8d7]  (no source info available)
C  [ntdll.dll+0x3c34c]  (no source info available)

VM_Operation (0x00000049fb3f9090): G1CollectForAllocation, mode: safepoint, requested by thread 0x000001b3f13f57a0


---------------  P R O C E S S  ---------------

Threads class SMR info:
_java_thread_list=0x000001b3ff045fb0, length=19, elements={
0x000001b3f13f57a0, 0x000001b3fd921b10, 0x000001b3fd923240, 0x000001b3fd939d90,
0x000001b3fd93c960, 0x000001b3fd93f330, 0x000001b3fd93fcf0, 0x000001b3fd940a90,
0x000001b3fd944e70, 0x000001b3fd9bb9e0, 0x000001b3fd90b110, 0x000001b3fe09f010,
0x000001b3fe09f4f0, 0x000001b3d5d3e9c0, 0x000001b3d5d1a020, 0x000001b3d47e4060,
0x000001b3d5d18060, 0x000001b3d5d18570, 0x000001b3d5d18f90
}

Java Threads: ( => current thread )
  0x000001b3f13f57a0 JavaThread "main" [_thread_blocked, id=5092, stack(0x00000049fb300000,0x00000049fb400000)]
  0x000001b3fd921b10 JavaThread "Reference Handler" daemon [_thread_blocked, id=5972, stack(0x00000049fba00000,0x00000049fbb00000)]
  0x000001b3fd923240 JavaThread "Finalizer" daemon [_thread_blocked, id=5224, stack(0x00000049fbb00000,0x00000049fbc00000)]
  0x000001b3fd939d90 JavaThread "Signal Dispatcher" daemon [_thread_blocked, id=13444, stack(0x00000049fbc00000,0x00000049fbd00000)]
  0x000001b3fd93c960 JavaThread "Attach Listener" daemon [_thread_blocked, id=7516, stack(0x00000049fbd00000,0x00000049fbe00000)]
  0x000001b3fd93f330 JavaThread "Service Thread" daemon [_thread_blocked, id=8072, stack(0x00000049fbe00000,0x00000049fbf00000)]
  0x000001b3fd93fcf0 JavaThread "Monitor Deflation Thread" daemon [_thread_blocked, id=2764, stack(0x00000049fbf00000,0x00000049fc000000)]
  0x000001b3fd940a90 JavaThread "C2 CompilerThread0" daemon [_thread_blocked, id=10416, stack(0x00000049fc000000,0x00000049fc100000)]
  0x000001b3fd944e70 JavaThread "C1 CompilerThread0" daemon [_thread_blocked, id=13688, stack(0x00000049fc100000,0x00000049fc200000)]
  0x000001b3fd9bb9e0 JavaThread "Sweeper thread" daemon [_thread_blocked, id=4412, stack(0x00000049fc200000,0x00000049fc300000)]
  0x000001b3fd90b110 JavaThread "Common-Cleaner" daemon [_thread_blocked, id=14060, stack(0x00000049fc300000,0x00000049fc400000)]
  0x000001b3fe09f010 JavaThread "Monitor Ctrl-Break" daemon [_thread_in_native, id=13452, stack(0x00000049fc400000,0x00000049fc500000)]
  0x000001b3fe09f4f0 JavaThread "Notification Thread" daemon [_thread_blocked, id=6880, stack(0x00000049fc500000,0x00000049fc600000)]
  0x000001b3d5d3e9c0 JavaThread "mysql-cj-abandoned-connection-cleanup" daemon [_thread_blocked, id=13012, stack(0x00000049fcb00000,0x00000049fcc00000)]
  0x000001b3d5d1a020 JavaThread "HikariPool-1:housekeeper" daemon [_thread_blocked, id=10420, stack(0x00000049fca00000,0x00000049fcb00000)]
  0x000001b3d47e4060 JavaThread "C2 CompilerThread1" daemon [_thread_blocked, id=2968, stack(0x00000049fcd00000,0x00000049fce00000)]
  0x000001b3d5d18060 JavaThread "Catalina-utility-1" [_thread_blocked, id=13920, stack(0x00000049fcf00000,0x00000049fd000000)]
  0x000001b3d5d18570 JavaThread "Catalina-utility-2" [_thread_blocked, id=2568, stack(0x00000049fd000000,0x00000049fd100000)]
  0x000001b3d5d18f90 JavaThread "container-0" [_thread_blocked, id=10984, stack(0x00000049fd100000,0x00000049fd200000)]

Other Threads:
=>0x000001b3fd91c2b0 VMThread "VM Thread" [stack: 0x00000049fb900000,0x00000049fba00000] [id=13904]
  0x000001b3fe09f9d0 WatcherThread [stack: 0x00000049fc600000,0x00000049fc700000] [id=14208]
  0x000001b3f14324e0 GCTaskThread "GC Thread#0" [stack: 0x00000049fb400000,0x00000049fb500000] [id=4240]
  0x000001b3fe5cf340 GCTaskThread "GC Thread#1" [stack: 0x00000049fc700000,0x00000049fc800000] [id=13644]
  0x000001b3fe30da80 GCTaskThread "GC Thread#2" [stack: 0x00000049fc800000,0x00000049fc900000] [id=11540]
  0x000001b3fe302d70 GCTaskThread "GC Thread#3" [stack: 0x00000049fc900000,0x00000049fca00000] [id=14320]
  0x000001b3f143b180 ConcurrentGCThread "G1 Main Marker" [stack: 0x00000049fb500000,0x00000049fb600000] [id=6580]
  0x000001b3f143bd00 ConcurrentGCThread "G1 Conc#0" [stack: 0x00000049fb600000,0x00000049fb700000] [id=14204]
  0x000001b3f1487f90 ConcurrentGCThread "G1 Refine#0" [stack: 0x00000049fb700000,0x00000049fb800000] [id=6488]
  0x000001b3f14894b0 ConcurrentGCThread "G1 Service" [stack: 0x00000049fb800000,0x00000049fb900000] [id=1732]

Threads with active compile tasks:
C2 CompilerThread0  27135 7992       4       org.springframework.core.annotation.AnnotatedElementUtils::getMergedAnnotationAttributes (22 bytes)
C2 CompilerThread1  27135 8106       4       org.antlr.v4.runtime.atn.PredictionContext::getCachedContext (261 bytes)

VM state: at safepoint (normal execution)

VM Mutex/Monitor currently owned by a thread:  ([mutex/lock_event])
[0x000001b3f13f04c0] Threads_lock - owner thread: 0x000001b3fd91c2b0
[0x000001b3f13f0d30] Heap_lock - owner thread: 0x000001b3f13f57a0

Heap address: 0x00000000c1600000, size: 1002 MB, Compressed Oops mode: 32-bit

CDS archive(s) mapped at: [0x000001b38f000000-0x000001b38fbb0000-0x000001b38fbb0000), size 12255232, SharedBaseAddress: 0x000001b38f000000, ArchiveRelocationMode: 1.
Compressed class space mapped at: 0x000001b390000000-0x000001b3d0000000, reserved size: 1073741824
Narrow klass base: 0x000001b38f000000, Narrow klass shift: 0, Narrow klass range: 0x100000000

GC Precious Log:
 CPUs: 4 total, 4 available
 Memory: 4001M
 Large Page Support: Disabled
 NUMA Support: Disabled
 Compressed Oops: Enabled (32-bit)
 Heap Region Size: 1M
 Heap Min Capacity: 8M
 Heap Initial Capacity: 64M
 Heap Max Capacity: 1002M
 Pre-touch: Disabled
 Parallel Workers: 4
 Concurrent Workers: 1
 Concurrent Refinement Workers: 4
 Periodic GC: Disabled

Heap:
 garbage-first heap   total 91136K, used 53670K [0x00000000c1600000, 0x0000000100000000)
  region size 1024K, 1 young (1024K), 1 survivors (1024K)
 Metaspace       used 89343K, committed 89920K, reserved 1179648K
  class space    used 12524K, committed 12800K, reserved 1048576K

Heap Regions: E=young(eden), S=young(survivor), O=old, HS=humongous(starts), HC=humongous(continues), CS=collection set, F=free, OA=open archive, CA=closed archive, TAMS=top-at-mark-start (previous, next)
|   0|0x00000000c1600000, 0x00000000c1700000, 0x00000000c1700000|100%|HS|  |TAMS 0x00000000c1700000, 0x00000000c1700000| Complete 
|   1|0x00000000c1700000, 0x00000000c1800000, 0x00000000c1800000|100%|HS|  |TAMS 0x00000000c1800000, 0x00000000c1800000| Complete 
|   2|0x00000000c1800000, 0x00000000c1900000, 0x00000000c1900000|100%| O|  |TAMS 0x00000000c1900000, 0x00000000c1900000| Untracked 
|   3|0x00000000c1900000, 0x00000000c1a00000, 0x00000000c1a00000|100%| O|  |TAMS 0x00000000c1a00000, 0x00000000c1a00000| Untracked 
|   4|0x00000000c1a00000, 0x00000000c1b00000, 0x00000000c1b00000|100%| O|  |TAMS 0x00000000c1b00000, 0x00000000c1b00000| Untracked 
|   5|0x00000000c1b00000, 0x00000000c1c00000, 0x00000000c1c00000|100%| O|  |TAMS 0x00000000c1c00000, 0x00000000c1c00000| Untracked 
|   6|0x00000000c1c00000, 0x00000000c1d00000, 0x00000000c1d00000|100%| O|  |TAMS 0x00000000c1d00000, 0x00000000c1d00000| Untracked 
|   7|0x00000000c1d00000, 0x00000000c1e00000, 0x00000000c1e00000|100%| O|  |TAMS 0x00000000c1e00000, 0x00000000c1e00000| Untracked 
|   8|0x00000000c1e00000, 0x00000000c1f00000, 0x00000000c1f00000|100%| O|  |TAMS 0x00000000c1f00000, 0x00000000c1f00000| Untracked 
|   9|0x00000000c1f00000, 0x00000000c2000000, 0x00000000c2000000|100%| O|  |TAMS 0x00000000c2000000, 0x00000000c2000000| Untracked 
|  10|0x00000000c2000000, 0x00000000c2100000, 0x00000000c2100000|100%| O|  |TAMS 0x00000000c2100000, 0x00000000c2100000| Untracked 
|  11|0x00000000c2100000, 0x00000000c2200000, 0x00000000c2200000|100%| O|  |TAMS 0x00000000c2200000, 0x00000000c2200000| Untracked 
|  12|0x00000000c2200000, 0x00000000c2300000, 0x00000000c2300000|100%| O|  |TAMS 0x00000000c2300000, 0x00000000c2300000| Untracked 
|  13|0x00000000c2300000, 0x00000000c2400000, 0x00000000c2400000|100%| O|  |TAMS 0x00000000c2400000, 0x00000000c2400000| Untracked 
|  14|0x00000000c2400000, 0x00000000c2500000, 0x00000000c2500000|100%| O|  |TAMS 0x00000000c2500000, 0x00000000c2500000| Untracked 
|  15|0x00000000c2500000, 0x00000000c2600000, 0x00000000c2600000|100%| O|  |TAMS 0x00000000c2600000, 0x00000000c2600000| Untracked 
|  16|0x00000000c2600000, 0x00000000c2700000, 0x00000000c2700000|100%| O|  |TAMS 0x00000000c2700000, 0x00000000c2700000| Untracked 
|  17|0x00000000c2700000, 0x00000000c2800000, 0x00000000c2800000|100%| O|  |TAMS 0x00000000c2700000, 0x00000000c2800000| Untracked 
|  18|0x00000000c2800000, 0x00000000c2900000, 0x00000000c2900000|100%| O|  |TAMS 0x00000000c2900000, 0x00000000c2900000| Untracked 
|  19|0x00000000c2900000, 0x00000000c2a00000, 0x00000000c2a00000|100%| O|  |TAMS 0x00000000c2a00000, 0x00000000c2a00000| Untracked 
|  20|0x00000000c2a00000, 0x00000000c2b00000, 0x00000000c2b00000|100%| O|  |TAMS 0x00000000c2b00000, 0x00000000c2b00000| Untracked 
|  21|0x00000000c2b00000, 0x00000000c2c00000, 0x00000000c2c00000|100%| O|  |TAMS 0x00000000c2c00000, 0x00000000c2c00000| Untracked 
|  22|0x00000000c2c00000, 0x00000000c2d00000, 0x00000000c2d00000|100%| O|  |TAMS 0x00000000c2d00000, 0x00000000c2d00000| Untracked 
|  23|0x00000000c2d00000, 0x00000000c2e00000, 0x00000000c2e00000|100%| O|  |TAMS 0x00000000c2e00000, 0x00000000c2e00000| Untracked 
|  24|0x00000000c2e00000, 0x00000000c2f00000, 0x00000000c2f00000|100%| O|  |TAMS 0x00000000c2f00000, 0x00000000c2f00000| Untracked 
|  25|0x00000000c2f00000, 0x00000000c3000000, 0x00000000c3000000|100%| O|  |TAMS 0x00000000c3000000, 0x00000000c3000000| Untracked 
|  26|0x00000000c3000000, 0x00000000c3100000, 0x00000000c3100000|100%| O|  |TAMS 0x00000000c3100000, 0x00000000c3100000| Untracked 
|  27|0x00000000c3100000, 0x00000000c3100000, 0x00000000c3200000|  0%| F|  |TAMS 0x00000000c3100000, 0x00000000c3100000| Untracked 
|  28|0x00000000c3200000, 0x00000000c3300000, 0x00000000c3300000|100%| O|  |TAMS 0x00000000c3300000, 0x00000000c3300000| Untracked 
|  29|0x00000000c3300000, 0x00000000c3400000, 0x00000000c3400000|100%| O|  |TAMS 0x00000000c3400000, 0x00000000c3400000| Untracked 
|  30|0x00000000c3400000, 0x00000000c3500000, 0x00000000c3500000|100%| O|  |TAMS 0x00000000c3500000, 0x00000000c3500000| Untracked 
|  31|0x00000000c3500000, 0x00000000c3600000, 0x00000000c3600000|100%| O|  |TAMS 0x00000000c3600000, 0x00000000c3600000| Untracked 
|  32|0x00000000c3600000, 0x00000000c3700000, 0x00000000c3700000|100%| O|  |TAMS 0x00000000c3700000, 0x00000000c3700000| Untracked 
|  33|0x00000000c3700000, 0x00000000c3800000, 0x00000000c3800000|100%| O|  |TAMS 0x00000000c3800000, 0x00000000c3800000| Untracked 
|  34|0x00000000c3800000, 0x00000000c3900000, 0x00000000c3900000|100%| O|  |TAMS 0x00000000c3900000, 0x00000000c3900000| Untracked 
|  35|0x00000000c3900000, 0x00000000c3a00000, 0x00000000c3a00000|100%| O|  |TAMS 0x00000000c3a00000, 0x00000000c3a00000| Untracked 
|  36|0x00000000c3a00000, 0x00000000c3b00000, 0x00000000c3b00000|100%| O|  |TAMS 0x00000000c3b00000, 0x00000000c3b00000| Untracked 
|  37|0x00000000c3b00000, 0x00000000c3c00000, 0x00000000c3c00000|100%| O|  |TAMS 0x00000000c3c00000, 0x00000000c3c00000| Untracked 
|  38|0x00000000c3c00000, 0x00000000c3d00000, 0x00000000c3d00000|100%| O|  |TAMS 0x00000000c3d00000, 0x00000000c3d00000| Untracked 
|  39|0x00000000c3d00000, 0x00000000c3e00000, 0x00000000c3e00000|100%| O|  |TAMS 0x00000000c3e00000, 0x00000000c3e00000| Untracked 
|  40|0x00000000c3e00000, 0x00000000c3f00000, 0x00000000c3f00000|100%| O|  |TAMS 0x00000000c3f00000, 0x00000000c3f00000| Untracked 
|  41|0x00000000c3f00000, 0x00000000c4000000, 0x00000000c4000000|100%| O|  |TAMS 0x00000000c3f8e400, 0x00000000c4000000| Untracked 
|  42|0x00000000c4000000, 0x00000000c4100000, 0x00000000c4100000|100%| O|  |TAMS 0x00000000c4000000, 0x00000000c4100000| Untracked 
|  43|0x00000000c4100000, 0x00000000c4200000, 0x00000000c4200000|100%| O|  |TAMS 0x00000000c4100000, 0x00000000c4200000| Untracked 
|  44|0x00000000c4200000, 0x00000000c4300000, 0x00000000c4300000|100%| O|  |TAMS 0x00000000c4200000, 0x00000000c4300000| Untracked 
|  45|0x00000000c4300000, 0x00000000c4400000, 0x00000000c4400000|100%| O|  |TAMS 0x00000000c4300000, 0x00000000c4400000| Untracked 
|  46|0x00000000c4400000, 0x00000000c4500000, 0x00000000c4500000|100%| O|  |TAMS 0x00000000c4400000, 0x00000000c4500000| Untracked 
|  47|0x00000000c4500000, 0x00000000c4600000, 0x00000000c4600000|100%| O|  |TAMS 0x00000000c4500000, 0x00000000c4600000| Untracked 
|  48|0x00000000c4600000, 0x00000000c4700000, 0x00000000c4700000|100%| O|  |TAMS 0x00000000c4600000, 0x00000000c4700000| Untracked 
|  49|0x00000000c4700000, 0x00000000c4800000, 0x00000000c4800000|100%| O|  |TAMS 0x00000000c4700000, 0x00000000c4800000| Untracked 
|  50|0x00000000c4800000, 0x00000000c4900000, 0x00000000c4900000|100%| O|  |TAMS 0x00000000c4800000, 0x00000000c4900000| Untracked 
|  51|0x00000000c4900000, 0x00000000c4a00000, 0x00000000c4a00000|100%| O|  |TAMS 0x00000000c4900000, 0x00000000c4a00000| Untracked 
|  52|0x00000000c4a00000, 0x00000000c4aa2000, 0x00000000c4b00000| 63%| O|  |TAMS 0x00000000c4a00000, 0x00000000c4aa2000| Untracked 
|  53|0x00000000c4b00000, 0x00000000c4b00000, 0x00000000c4c00000|  0%| F|  |TAMS 0x00000000c4b00000, 0x00000000c4b00000| Untracked 
|  54|0x00000000c4c00000, 0x00000000c4c00000, 0x00000000c4d00000|  0%| F|  |TAMS 0x00000000c4c00000, 0x00000000c4c00000| Untracked 
|  55|0x00000000c4d00000, 0x00000000c4d00000, 0x00000000c4e00000|  0%| F|  |TAMS 0x00000000c4d00000, 0x00000000c4d00000| Untracked 
|  56|0x00000000c4e00000, 0x00000000c4e00000, 0x00000000c4f00000|  0%| F|  |TAMS 0x00000000c4e00000, 0x00000000c4e00000| Untracked 
|  57|0x00000000c4f00000, 0x00000000c4f00000, 0x00000000c5000000|  0%| F|  |TAMS 0x00000000c4f00000, 0x00000000c4f00000| Untracked 
|  58|0x00000000c5000000, 0x00000000c5000000, 0x00000000c5100000|  0%| F|  |TAMS 0x00000000c5000000, 0x00000000c5000000| Untracked 
|  59|0x00000000c5100000, 0x00000000c5100000, 0x00000000c5200000|  0%| F|  |TAMS 0x00000000c5100000, 0x00000000c5100000| Untracked 
|  60|0x00000000c5200000, 0x00000000c5200000, 0x00000000c5300000|  0%| F|  |TAMS 0x00000000c5200000, 0x00000000c5200000| Untracked 
|  61|0x00000000c5300000, 0x00000000c5300000, 0x00000000c5400000|  0%| F|  |TAMS 0x00000000c5300000, 0x00000000c5300000| Untracked 
|  62|0x00000000c5400000, 0x00000000c5400000, 0x00000000c5500000|  0%| F|  |TAMS 0x00000000c5400000, 0x00000000c5400000| Untracked 
|  63|0x00000000c5500000, 0x00000000c5500000, 0x00000000c5600000|  0%| F|  |TAMS 0x00000000c5500000, 0x00000000c5500000| Untracked 
|  64|0x00000000c5600000, 0x00000000c5600000, 0x00000000c5700000|  0%| F|  |TAMS 0x00000000c5600000, 0x00000000c5600000| Untracked 
|  65|0x00000000c5700000, 0x00000000c5700000, 0x00000000c5800000|  0%| F|  |TAMS 0x00000000c5700000, 0x00000000c5700000| Untracked 
|  66|0x00000000c5800000, 0x00000000c5800000, 0x00000000c5900000|  0%| F|  |TAMS 0x00000000c5800000, 0x00000000c5800000| Untracked 
|  67|0x00000000c5900000, 0x00000000c5900000, 0x00000000c5a00000|  0%| F|  |TAMS 0x00000000c5900000, 0x00000000c5900000| Untracked 
|  68|0x00000000c5a00000, 0x00000000c5a00000, 0x00000000c5b00000|  0%| F|  |TAMS 0x00000000c5a00000, 0x00000000c5a00000| Untracked 
|  69|0x00000000c5b00000, 0x00000000c5b00000, 0x00000000c5c00000|  0%| F|  |TAMS 0x00000000c5b00000, 0x00000000c5b00000| Untracked 
|  70|0x00000000c5c00000, 0x00000000c5cc7a20, 0x00000000c5d00000| 77%| S|CS|TAMS 0x00000000c5c00000, 0x00000000c5c00000| Complete 
|  71|0x00000000c5d00000, 0x00000000c5d00000, 0x00000000c5e00000|  0%| F|  |TAMS 0x00000000c5d00000, 0x00000000c5d00000| Untracked 
|  72|0x00000000c5e00000, 0x00000000c5e00000, 0x00000000c5f00000|  0%| F|  |TAMS 0x00000000c5e00000, 0x00000000c5e00000| Untracked 
|  73|0x00000000c5f00000, 0x00000000c5f00000, 0x00000000c6000000|  0%| F|  |TAMS 0x00000000c5f00000, 0x00000000c5f00000| Untracked 
|  74|0x00000000c6000000, 0x00000000c6000000, 0x00000000c6100000|  0%| F|  |TAMS 0x00000000c6000000, 0x00000000c6000000| Untracked 
|  75|0x00000000c6100000, 0x00000000c6100000, 0x00000000c6200000|  0%| F|  |TAMS 0x00000000c6100000, 0x00000000c6100000| Untracked 
|  76|0x00000000c6200000, 0x00000000c6200000, 0x00000000c6300000|  0%| F|  |TAMS 0x00000000c6200000, 0x00000000c6200000| Untracked 
|  77|0x00000000c6300000, 0x00000000c6300000, 0x00000000c6400000|  0%| F|  |TAMS 0x00000000c6300000, 0x00000000c6300000| Untracked 
|  78|0x00000000c6400000, 0x00000000c6400000, 0x00000000c6500000|  0%| F|  |TAMS 0x00000000c6400000, 0x00000000c6400000| Untracked 
|  79|0x00000000c6500000, 0x00000000c6500000, 0x00000000c6600000|  0%| F|  |TAMS 0x00000000c6500000, 0x00000000c6500000| Untracked 
|  80|0x00000000c6600000, 0x00000000c6600000, 0x00000000c6700000|  0%| F|  |TAMS 0x00000000c6600000, 0x00000000c6600000| Untracked 
|  81|0x00000000c6700000, 0x00000000c6700000, 0x00000000c6800000|  0%| F|  |TAMS 0x00000000c6700000, 0x00000000c6700000| Untracked 
|  82|0x00000000c6800000, 0x00000000c6800000, 0x00000000c6900000|  0%| F|  |TAMS 0x00000000c6800000, 0x00000000c6800000| Untracked 
|  83|0x00000000c6900000, 0x00000000c6900000, 0x00000000c6a00000|  0%| F|  |TAMS 0x00000000c6900000, 0x00000000c6900000| Untracked 
|  84|0x00000000c6a00000, 0x00000000c6a00000, 0x00000000c6b00000|  0%| F|  |TAMS 0x00000000c6a00000, 0x00000000c6a00000| Untracked 
|  85|0x00000000c6b00000, 0x00000000c6b00000, 0x00000000c6c00000|  0%| F|  |TAMS 0x00000000c6b00000, 0x00000000c6b00000| Untracked 
|  86|0x00000000c6c00000, 0x00000000c6c00000, 0x00000000c6d00000|  0%| F|  |TAMS 0x00000000c6c00000, 0x00000000c6c00000| Untracked 
|  87|0x00000000c6d00000, 0x00000000c6d00000, 0x00000000c6e00000|  0%| F|  |TAMS 0x00000000c6d00000, 0x00000000c6d00000| Untracked 
|  88|0x00000000c6e00000, 0x00000000c6e00000, 0x00000000c6f00000|  0%| F|  |TAMS 0x00000000c6e00000, 0x00000000c6e00000| Untracked 

Card table byte_map: [0x000001b3f9150000,0x000001b3f9350000] _byte_map_base: 0x000001b3f8b45000

Marking Bits (Prev, Next): (CMBitMap*) 0x000001b3f1432b10, (CMBitMap*) 0x000001b3f1432b50
 Prev Bits: [0x000001b3f9550000, 0x000001b3fa4f8000)
 Next Bits: [0x000001b3fa500000, 0x000001b3fb4a8000)

Polling page: 0x000001b3ef260000

Metaspace:

Usage:
  Non-class:     75.02 MB used.
      Class:     12.23 MB used.
       Both:     87.25 MB used.

Virtual space:
  Non-class space:      128.00 MB reserved,      75.31 MB ( 59%) committed,  2 nodes.
      Class space:        1.00 GB reserved,      12.50 MB (  1%) committed,  1 nodes.
             Both:        1.12 GB reserved,      87.81 MB (  8%) committed. 

Chunk freelists:
   Non-Class:  3.77 MB
       Class:  3.40 MB
        Both:  7.16 MB

MaxMetaspaceSize: unlimited
CompressedClassSpaceSize: 1.00 GB
Initial GC threshold: 21.00 MB
Current GC threshold: 146.38 MB
CDS: on
MetaspaceReclaimPolicy: balanced
 - commit_granule_bytes: 65536.
 - commit_granule_words: 8192.
 - virtual_space_node_default_size: 8388608.
 - enlarge_chunks_in_place: 1.
 - new_chunks_are_fully_committed: 0.
 - uncommit_free_chunks: 1.
 - use_allocation_guard: 0.
 - handle_deallocations: 1.


Internal statistics:

num_allocs_failed_limit: 9.
num_arena_births: 846.
num_arena_deaths: 0.
num_vsnodes_births: 3.
num_vsnodes_deaths: 0.
num_space_committed: 1405.
num_space_uncommitted: 0.
num_chunks_returned_to_freelist: 9.
num_chunks_taken_from_freelist: 3975.
num_chunk_merges: 9.
num_chunk_splits: 3007.
num_chunks_enlarged: 2451.
num_inconsistent_stats: 0.

CodeHeap 'non-profiled nmethods': size=120000Kb used=5221Kb max_used=5221Kb free=114779Kb
 bounds [0x000001b387ad0000, 0x000001b387ff0000, 0x000001b38f000000]
CodeHeap 'profiled nmethods': size=120000Kb used=14732Kb max_used=14732Kb free=105267Kb
 bounds [0x000001b380000000, 0x000001b380e70000, 0x000001b387530000]
CodeHeap 'non-nmethods': size=5760Kb used=1391Kb max_used=1486Kb free=4368Kb
 bounds [0x000001b387530000, 0x000001b3877a0000, 0x000001b387ad0000]
 total_blobs=8051 nmethods=7324 adapters=638
 compilation: enabled
              stopped_count=0, restarted_count=0
 full_count=0

Compilation events (20 events):
Event: 26.724 Thread 0x000001b3fd944e70 8128       1       org.springframework.data.jpa.repository.query.QueryTokens$SimpleQueryToken::value (5 bytes)
Event: 26.724 Thread 0x000001b3fd944e70 nmethod 8128 0x000001b387fe9110 code [0x000001b387fe92a0, 0x000001b387fe9378]
Event: 26.728 Thread 0x000001b3fd944e70 8129   !   2       org.antlr.v4.runtime.Lexer::nextToken (249 bytes)
Event: 26.729 Thread 0x000001b3fd944e70 nmethod 8129 0x000001b380e5e490 code [0x000001b380e5e6e0, 0x000001b380e5eef8]
Event: 26.729 Thread 0x000001b3fd944e70 8130       2       org.antlr.v4.runtime.CommonTokenFactory::create (18 bytes)
Event: 26.729 Thread 0x000001b3fd944e70 nmethod 8130 0x000001b380e5f610 code [0x000001b380e5f7c0, 0x000001b380e5f908]
Event: 26.729 Thread 0x000001b3fd944e70 8131       2       org.antlr.v4.runtime.CommonTokenFactory::create (85 bytes)
Event: 26.730 Thread 0x000001b3fd944e70 nmethod 8131 0x000001b380e5fa10 code [0x000001b380e5fbe0, 0x000001b380e5ffc8]
Event: 26.731 Thread 0x000001b3fd944e70 8132       3       org.antlr.v4.runtime.atn.ATNConfigSet$AbstractConfigHashSet::createBuckets (6 bytes)
Event: 26.731 Thread 0x000001b3fd944e70 nmethod 8132 0x000001b380e60210 code [0x000001b380e603c0, 0x000001b380e605b8]
Event: 26.733 Thread 0x000001b3fd944e70 8133       2       org.antlr.v4.runtime.Lexer::getCharIndex (10 bytes)
Event: 26.733 Thread 0x000001b3fd944e70 nmethod 8133 0x000001b380e60690 code [0x000001b380e60820, 0x000001b380e60978]
Event: 26.734 Thread 0x000001b3fd944e70 8135       3       java.lang.StrictMath::floorOrCeil (128 bytes)
Event: 26.735 Thread 0x000001b3fd944e70 nmethod 8135 0x000001b380e60a90 code [0x000001b380e60c60, 0x000001b380e610d8]
Event: 26.735 Thread 0x000001b3fd944e70 8136   !   2       org.antlr.v4.runtime.atn.ParserATNSimulator::addDFAEdge (207 bytes)
Event: 26.736 Thread 0x000001b3fd944e70 nmethod 8136 0x000001b380e61190 code [0x000001b380e614a0, 0x000001b380e61ed8]
Event: 26.743 Thread 0x000001b3fd944e70 8137       2       org.antlr.v4.runtime.atn.PredictionContext::hasEmptyPath (21 bytes)
Event: 26.743 Thread 0x000001b3fd944e70 nmethod 8137 0x000001b380e62590 code [0x000001b380e62740, 0x000001b380e628b8]
Event: 26.801 Thread 0x000001b3fd944e70 8140       3       java.util.BitSet::or (105 bytes)
Event: 26.802 Thread 0x000001b3fd944e70 nmethod 8140 0x000001b380e62990 code [0x000001b380e62b80, 0x000001b380e63088]

GC Heap History (20 events):
Event: 20.896 GC heap after
{Heap after GC invocations=19 (full 0):
 garbage-first heap   total 78848K, used 34482K [0x00000000c1600000, 0x0000000100000000)
  region size 1024K, 4 young (4096K), 4 survivors (4096K)
 Metaspace       used 76072K, committed 76608K, reserved 1179648K
  class space    used 10397K, committed 10624K, reserved 1048576K
}
Event: 22.330 GC heap before
{Heap before GC invocations=19 (full 0):
 garbage-first heap   total 78848K, used 62130K [0x00000000c1600000, 0x0000000100000000)
  region size 1024K, 31 young (31744K), 4 survivors (4096K)
 Metaspace       used 81026K, committed 81600K, reserved 1179648K
  class space    used 10980K, committed 11264K, reserved 1048576K
}
Event: 22.345 GC heap after
{Heap after GC invocations=20 (full 0):
 garbage-first heap   total 78848K, used 36757K [0x00000000c1600000, 0x0000000100000000)
  region size 1024K, 3 young (3072K), 3 survivors (3072K)
 Metaspace       used 81026K, committed 81600K, reserved 1179648K
  class space    used 10980K, committed 11264K, reserved 1048576K
}
Event: 23.392 GC heap before
{Heap before GC invocations=20 (full 0):
 garbage-first heap   total 78848K, used 61333K [0x00000000c1600000, 0x0000000100000000)
  region size 1024K, 28 young (28672K), 3 survivors (3072K)
 Metaspace       used 85075K, committed 85696K, reserved 1179648K
  class space    used 11677K, committed 11968K, reserved 1048576K
}
Event: 23.400 GC heap after
{Heap after GC invocations=21 (full 0):
 garbage-first heap   total 78848K, used 38605K [0x00000000c1600000, 0x0000000100000000)
  region size 1024K, 4 young (4096K), 4 survivors (4096K)
 Metaspace       used 85075K, committed 85696K, reserved 1179648K
  class space    used 11677K, committed 11968K, reserved 1048576K
}
Event: 24.090 GC heap before
{Heap before GC invocations=22 (full 0):
 garbage-first heap   total 78848K, used 62157K [0x00000000c1600000, 0x0000000100000000)
  region size 1024K, 27 young (27648K), 4 survivors (4096K)
 Metaspace       used 85345K, committed 85952K, reserved 1179648K
  class space    used 11741K, committed 12032K, reserved 1048576K
}
Event: 24.098 GC heap after
{Heap after GC invocations=23 (full 0):
 garbage-first heap   total 78848K, used 39595K [0x00000000c1600000, 0x0000000100000000)
  region size 1024K, 1 young (1024K), 1 survivors (1024K)
 Metaspace       used 85345K, committed 85952K, reserved 1179648K
  class space    used 11741K, committed 12032K, reserved 1048576K
}
Event: 24.917 GC heap before
{Heap before GC invocations=23 (full 0):
 garbage-first heap   total 78848K, used 62123K [0x00000000c1600000, 0x0000000100000000)
  region size 1024K, 24 young (24576K), 1 survivors (1024K)
 Metaspace       used 88520K, committed 89088K, reserved 1179648K
  class space    used 12476K, committed 12736K, reserved 1048576K
}
Event: 24.922 GC heap after
{Heap after GC invocations=24 (full 0):
 garbage-first heap   total 78848K, used 40871K [0x00000000c1600000, 0x0000000100000000)
  region size 1024K, 3 young (3072K), 3 survivors (3072K)
 Metaspace       used 88520K, committed 89088K, reserved 1179648K
  class space    used 12476K, committed 12736K, reserved 1048576K
}
Event: 25.872 GC heap before
{Heap before GC invocations=25 (full 0):
 garbage-first heap   total 78848K, used 63399K [0x00000000c1600000, 0x0000000100000000)
  region size 1024K, 25 young (25600K), 3 survivors (3072K)
 Metaspace       used 89310K, committed 89920K, reserved 1179648K
  class space    used 12524K, committed 12800K, reserved 1048576K
}
Event: 25.878 GC heap after
{Heap after GC invocations=26 (full 0):
 garbage-first heap   total 78848K, used 41944K [0x00000000c1600000, 0x0000000100000000)
  region size 1024K, 3 young (3072K), 3 survivors (3072K)
 Metaspace       used 89310K, committed 89920K, reserved 1179648K
  class space    used 12524K, committed 12800K, reserved 1048576K
}
Event: 25.938 GC heap before
{Heap before GC invocations=26 (full 0):
 garbage-first heap   total 78848K, used 42968K [0x00000000c1600000, 0x0000000100000000)
  region size 1024K, 4 young (4096K), 3 survivors (3072K)
 Metaspace       used 89310K, committed 89920K, reserved 1179648K
  class space    used 12524K, committed 12800K, reserved 1048576K
}
Event: 25.945 GC heap after
{Heap after GC invocations=27 (full 0):
 garbage-first heap   total 78848K, used 42088K [0x00000000c1600000, 0x0000000100000000)
  region size 1024K, 1 young (1024K), 1 survivors (1024K)
 Metaspace       used 89310K, committed 89920K, reserved 1179648K
  class space    used 12524K, committed 12800K, reserved 1048576K
}
Event: 26.379 GC heap before
{Heap before GC invocations=27 (full 0):
 garbage-first heap   total 78848K, used 64616K [0x00000000c1600000, 0x0000000100000000)
  region size 1024K, 23 young (23552K), 1 survivors (1024K)
 Metaspace       used 89312K, committed 89920K, reserved 1179648K
  class space    used 12524K, committed 12800K, reserved 1048576K
}
Event: 26.388 GC heap after
{Heap after GC invocations=28 (full 0):
 garbage-first heap   total 78848K, used 47732K [0x00000000c1600000, 0x0000000100000000)
  region size 1024K, 3 young (3072K), 3 survivors (3072K)
 Metaspace       used 89312K, committed 89920K, reserved 1179648K
  class space    used 12524K, committed 12800K, reserved 1048576K
}
Event: 26.649 GC heap before
{Heap before GC invocations=29 (full 0):
 garbage-first heap   total 91136K, used 64116K [0x00000000c1600000, 0x0000000100000000)
  region size 1024K, 19 young (19456K), 3 survivors (3072K)
 Metaspace       used 89312K, committed 89920K, reserved 1179648K
  class space    used 12524K, committed 12800K, reserved 1048576K
}
Event: 26.666 GC heap after
{Heap after GC invocations=30 (full 0):
 garbage-first heap   total 91136K, used 52897K [0x00000000c1600000, 0x0000000100000000)
  region size 1024K, 3 young (3072K), 3 survivors (3072K)
 Metaspace       used 89312K, committed 89920K, reserved 1179648K
  class space    used 12524K, committed 12800K, reserved 1048576K
}
Event: 26.672 GC heap before
{Heap before GC invocations=30 (full 0):
 garbage-first heap   total 91136K, used 53921K [0x00000000c1600000, 0x0000000100000000)
  region size 1024K, 4 young (4096K), 3 survivors (3072K)
 Metaspace       used 89312K, committed 89920K, reserved 1179648K
  class space    used 12524K, committed 12800K, reserved 1048576K
}
Event: 26.680 GC heap after
{Heap after GC invocations=31 (full 0):
 garbage-first heap   total 91136K, used 53017K [0x00000000c1600000, 0x0000000100000000)
  region size 1024K, 1 young (1024K), 1 survivors (1024K)
 Metaspace       used 89312K, committed 89920K, reserved 1179648K
  class space    used 12524K, committed 12800K, reserved 1048576K
}
Event: 26.816 GC heap before
{Heap before GC invocations=31 (full 0):
 garbage-first heap   total 91136K, used 70425K [0x00000000c1600000, 0x0000000100000000)
  region size 1024K, 18 young (18432K), 1 survivors (1024K)
 Metaspace       used 89343K, committed 89920K, reserved 1179648K
  class space    used 12524K, committed 12800K, reserved 1048576K
}

Dll operation events (12 events):
Event: 0.036 Loaded shared library C:\Users\merlin\.jdks\ms-17.0.17\bin\java.dll
Event: 0.087 Loaded shared library C:\Users\merlin\.jdks\ms-17.0.17\bin\jsvml.dll
Event: 0.467 Loaded shared library C:\Users\merlin\.jdks\ms-17.0.17\bin\zip.dll
Event: 0.473 Loaded shared library C:\Users\merlin\.jdks\ms-17.0.17\bin\instrument.dll
Event: 0.488 Loaded shared library C:\Users\merlin\.jdks\ms-17.0.17\bin\net.dll
Event: 0.491 Loaded shared library C:\Users\merlin\.jdks\ms-17.0.17\bin\nio.dll
Event: 0.496 Loaded shared library C:\Users\merlin\.jdks\ms-17.0.17\bin\zip.dll
Event: 0.899 Loaded shared library C:\Users\merlin\.jdks\ms-17.0.17\bin\extnet.dll
Event: 0.929 Loaded shared library C:\Users\merlin\.jdks\ms-17.0.17\bin\jimage.dll
Event: 4.143 Loaded shared library C:\Users\merlin\.jdks\ms-17.0.17\bin\sunmscapi.dll
Event: 10.862 Loaded shared library C:\Users\merlin\.jdks\ms-17.0.17\bin\management.dll
Event: 10.869 Loaded shared library C:\Users\merlin\.jdks\ms-17.0.17\bin\management_ext.dll

Deoptimization events (20 events):
Event: 26.706 Thread 0x000001b3f13f57a0 Uncommon trap: trap_request=0xffffffbe fr.pc=0x000001b387fde894 relative=0x0000000000004674
Event: 26.706 Thread 0x000001b3f13f57a0 Uncommon trap: reason=profile_predicate action=maybe_recompile pc=0x000001b387fde894 method=org.antlr.v4.runtime.atn.PredictionContext.getCachedContext(Lorg/antlr/v4/runtime/atn/PredictionContext;Lorg/antlr/v4/runtime/atn/PredictionContextCache;Ljava/util
Event: 26.706 Thread 0x000001b3f13f57a0 DEOPT PACKING pc=0x000001b387fde894 sp=0x00000049fb3fb3c0
Event: 26.706 Thread 0x000001b3f13f57a0 DEOPT UNPACKING pc=0x000001b3875869a3 sp=0x00000049fb3fb3b0 mode 2
Event: 26.732 Thread 0x000001b3f13f57a0 Uncommon trap: trap_request=0xffffffde fr.pc=0x000001b387fd25dc relative=0x0000000000000a5c
Event: 26.732 Thread 0x000001b3f13f57a0 Uncommon trap: reason=class_check action=maybe_recompile pc=0x000001b387fd25dc method=org.antlr.v4.runtime.atn.ParserATNSimulator.canDropLoopEntryEdgeInLeftRecursiveRule(Lorg/antlr/v4/runtime/atn/ATNConfig;)Z @ 193 c2
Event: 26.732 Thread 0x000001b3f13f57a0 DEOPT PACKING pc=0x000001b387fd25dc sp=0x00000049fb3fa360
Event: 26.732 Thread 0x000001b3f13f57a0 DEOPT UNPACKING pc=0x000001b3875869a3 sp=0x00000049fb3fa2d8 mode 2
Event: 26.733 Thread 0x000001b3f13f57a0 Uncommon trap: trap_request=0xffffffde fr.pc=0x000001b387fd25dc relative=0x0000000000000a5c
Event: 26.733 Thread 0x000001b3f13f57a0 Uncommon trap: reason=class_check action=maybe_recompile pc=0x000001b387fd25dc method=org.antlr.v4.runtime.atn.ParserATNSimulator.canDropLoopEntryEdgeInLeftRecursiveRule(Lorg/antlr/v4/runtime/atn/ATNConfig;)Z @ 193 c2
Event: 26.733 Thread 0x000001b3f13f57a0 DEOPT PACKING pc=0x000001b387fd25dc sp=0x00000049fb3fa360
Event: 26.733 Thread 0x000001b3f13f57a0 DEOPT UNPACKING pc=0x000001b3875869a3 sp=0x00000049fb3fa2d8 mode 2
Event: 26.733 Thread 0x000001b3f13f57a0 Uncommon trap: trap_request=0xffffffde fr.pc=0x000001b387fd25dc relative=0x0000000000000a5c
Event: 26.733 Thread 0x000001b3f13f57a0 Uncommon trap: reason=class_check action=maybe_recompile pc=0x000001b387fd25dc method=org.antlr.v4.runtime.atn.ParserATNSimulator.canDropLoopEntryEdgeInLeftRecursiveRule(Lorg/antlr/v4/runtime/atn/ATNConfig;)Z @ 193 c2
Event: 26.733 Thread 0x000001b3f13f57a0 DEOPT PACKING pc=0x000001b387fd25dc sp=0x00000049fb3f9f00
Event: 26.733 Thread 0x000001b3f13f57a0 DEOPT UNPACKING pc=0x000001b3875869a3 sp=0x00000049fb3f9e78 mode 2
Event: 26.733 Thread 0x000001b3f13f57a0 Uncommon trap: trap_request=0xffffffde fr.pc=0x000001b387fd25dc relative=0x0000000000000a5c
Event: 26.733 Thread 0x000001b3f13f57a0 Uncommon trap: reason=class_check action=maybe_recompile pc=0x000001b387fd25dc method=org.antlr.v4.runtime.atn.ParserATNSimulator.canDropLoopEntryEdgeInLeftRecursiveRule(Lorg/antlr/v4/runtime/atn/ATNConfig;)Z @ 193 c2
Event: 26.733 Thread 0x000001b3f13f57a0 DEOPT PACKING pc=0x000001b387fd25dc sp=0x00000049fb3f9f00
Event: 26.734 Thread 0x000001b3f13f57a0 DEOPT UNPACKING pc=0x000001b3875869a3 sp=0x00000049fb3f9e78 mode 2

Classes loaded (20 events):
Event: 22.540 Loading class javax/xml/catalog/CatalogFeatures$Feature
Event: 22.540 Loading class javax/xml/catalog/CatalogFeatures$Feature done
Event: 22.540 Loading class com/sun/org/apache/xerces/internal/jaxp/SAXParserFactoryImpl
Event: 22.541 Loading class javax/xml/parsers/SAXParserFactory
Event: 22.541 Loading class javax/xml/parsers/SAXParserFactory done
Event: 22.541 Loading class com/sun/org/apache/xerces/internal/jaxp/SAXParserFactoryImpl done
Event: 22.542 Loading class com/sun/xml/internal/stream/StaxEntityResolverWrapper
Event: 22.542 Loading class com/sun/xml/internal/stream/StaxEntityResolverWrapper done
Event: 22.561 Loading class java/nio/charset/CoderMalfunctionError
Event: 22.562 Loading class java/nio/charset/CoderMalfunctionError done
Event: 22.674 Loading class java/util/regex/Pattern$Behind
Event: 22.675 Loading class java/util/regex/Pattern$Behind done
Event: 22.714 Loading class java/util/regex/Pattern$Bound
Event: 22.714 Loading class java/util/regex/Pattern$Bound done
Event: 22.764 Loading class java/util/EmptyStackException
Event: 22.764 Loading class java/util/EmptyStackException done
Event: 23.070 Loading class java/io/InvalidClassException
Event: 23.070 Loading class java/io/InvalidClassException done
Event: 23.086 Loading class java/util/ArrayList$ListItr
Event: 23.087 Loading class java/util/ArrayList$ListItr done

Classes unloaded (0 events):
No events

Classes redefined (0 events):
No events

Internal exceptions (20 events):
Event: 21.929 Thread 0x000001b3f13f57a0 Exception <a 'java/lang/reflect/InvocationTargetException'{0x00000000c4e41770}> (0x00000000c4e41770) 
thrown [s\src\hotspot\share\runtime\reflection.cpp, line 1128]
Event: 22.091 Thread 0x000001b3f13f57a0 Exception <a 'java/lang/NoSuchMethodError'{0x00000000c4cee5a8}: 'boolean java.lang.Thread.isVirtual()'> (0x00000000c4cee5a8) 
thrown [s\src\hotspot\share\interpreter\linkResolver.cpp, line 759]
Event: 22.106 Thread 0x000001b3f13f57a0 Exception <a 'java/lang/NoSuchMethodError'{0x00000000c4b22bd0}: 'java.lang.Object java.lang.invoke.DirectMethodHandle$Holder.invokeVirtual(java.lang.Object, java.lang.Object, int, int)'> (0x00000000c4b22bd0) 
thrown [s\src\hotspot\share\interpreter\linkResolver.cpp, line 759]
Event: 22.117 Thread 0x000001b3f13f57a0 Exception <a 'java/lang/NoSuchMethodError'{0x00000000c4b48dc0}: 'void java.lang.invoke.Invokers$Holder.invokeExact_MT(java.lang.Object, java.lang.Object, java.lang.Object)'> (0x00000000c4b48dc0) 
thrown [s\src\hotspot\share\interpreter\linkResolver.cpp, line 759]
Event: 22.119 Thread 0x000001b3f13f57a0 Exception <a 'sun/nio/fs/WindowsException'{0x00000000c4b503f8}> (0x00000000c4b503f8) 
thrown [s\src\hotspot\share\prims\jni.cpp, line 516]
Event: 22.119 Thread 0x000001b3f13f57a0 Exception <a 'sun/nio/fs/WindowsException'{0x00000000c4b50ee8}> (0x00000000c4b50ee8) 
thrown [s\src\hotspot\share\prims\jni.cpp, line 516]
Event: 22.138 Thread 0x000001b3f13f57a0 Exception <a 'java/lang/NoSuchMethodError'{0x00000000c4b689e8}: 'java.lang.Object java.lang.invoke.DirectMethodHandle$Holder.invokeStaticInit(java.lang.Object, java.lang.Object, int)'> (0x00000000c4b689e8) 
thrown [s\src\hotspot\share\interpreter\linkResolver.cpp, line 759]
Event: 22.528 Thread 0x000001b3f13f57a0 Exception <a 'java/lang/NoSuchMethodError'{0x00000000c6a86e10}: 'java.lang.Object java.lang.invoke.DirectMethodHandle$Holder.invokeStaticInit(java.lang.Object, java.lang.Object, java.lang.Object, java.lang.Object, java.lang.Object)'> (0x00000000c6a86e10) 
thrown [s\src\hotspot\share\interpreter\linkResolver.cpp, line 759]
Event: 22.657 Thread 0x000001b3f13f57a0 Exception <a 'java/lang/reflect/InvocationTargetException'{0x00000000c5c11638}> (0x00000000c5c11638) 
thrown [s\src\hotspot\share\runtime\reflection.cpp, line 1128]
Event: 22.672 Thread 0x000001b3f13f57a0 Exception <a 'java/lang/IncompatibleClassChangeError'{0x00000000c5c19be8}: Found class java.lang.Object, but interface was expected> (0x00000000c5c19be8) 
thrown [s\src\hotspot\share\interpreter\linkResolver.cpp, line 826]
Event: 22.673 Thread 0x000001b3f13f57a0 Exception <a 'java/lang/reflect/InvocationTargetException'{0x00000000c5c1f6c8}> (0x00000000c5c1f6c8) 
thrown [s\src\hotspot\share\runtime\reflection.cpp, line 1128]
Event: 22.680 Thread 0x000001b3f13f57a0 Exception <a 'java/lang/reflect/InvocationTargetException'{0x00000000c5c38500}> (0x00000000c5c38500) 
thrown [s\src\hotspot\share\runtime\reflection.cpp, line 1128]
Event: 22.682 Thread 0x000001b3f13f57a0 Exception <a 'java/lang/reflect/InvocationTargetException'{0x00000000c5c40dc0}> (0x00000000c5c40dc0) 
thrown [s\src\hotspot\share\runtime\reflection.cpp, line 1128]
Event: 22.686 Thread 0x000001b3f13f57a0 Exception <a 'java/lang/reflect/InvocationTargetException'{0x00000000c5c5a3d8}> (0x00000000c5c5a3d8) 
thrown [s\src\hotspot\share\runtime\reflection.cpp, line 1128]
Event: 22.718 Thread 0x000001b3f13f57a0 Exception <a 'java/lang/IncompatibleClassChangeError'{0x00000000c5cda8f8}: Found class java.lang.Object, but interface was expected> (0x00000000c5cda8f8) 
thrown [s\src\hotspot\share\interpreter\linkResolver.cpp, line 826]
Event: 24.998 Thread 0x000001b3f13f57a0 Exception <a 'java/lang/reflect/InvocationTargetException'{0x00000000c6c4b938}> (0x00000000c6c4b938) 
thrown [s\src\hotspot\share\runtime\reflection.cpp, line 1128]
Event: 25.117 Thread 0x000001b3f13f57a0 Exception <a 'java/lang/reflect/InvocationTargetException'{0x00000000c6b4aeb0}> (0x00000000c6b4aeb0) 
thrown [s\src\hotspot\share\runtime\reflection.cpp, line 1128]
Event: 25.136 Thread 0x000001b3f13f57a0 Exception <a 'java/lang/reflect/InvocationTargetException'{0x00000000c6b525c0}> (0x00000000c6b525c0) 
thrown [s\src\hotspot\share\runtime\reflection.cpp, line 1128]
Event: 25.169 Thread 0x000001b3f13f57a0 Exception <a 'java/lang/reflect/InvocationTargetException'{0x00000000c6b5ce10}> (0x00000000c6b5ce10) 
thrown [s\src\hotspot\share\runtime\reflection.cpp, line 1128]
Event: 25.188 Thread 0x000001b3f13f57a0 Exception <a 'java/lang/reflect/InvocationTargetException'{0x00000000c6bd1ca8}> (0x00000000c6bd1ca8) 
thrown [s\src\hotspot\share\runtime\reflection.cpp, line 1128]

VM Operations (20 events):
Event: 24.922 Executing VM operation: G1CollectForAllocation done
Event: 25.051 Executing VM operation: G1PauseRemark
Event: 25.058 Executing VM operation: G1PauseRemark done
Event: 25.112 Executing VM operation: G1PauseCleanup
Event: 25.112 Executing VM operation: G1PauseCleanup done
Event: 25.872 Executing VM operation: G1CollectForAllocation
Event: 25.878 Executing VM operation: G1CollectForAllocation done
Event: 25.938 Executing VM operation: G1CollectForAllocation
Event: 25.945 Executing VM operation: G1CollectForAllocation done
Event: 26.379 Executing VM operation: G1CollectForAllocation
Event: 26.388 Executing VM operation: G1CollectForAllocation done
Event: 26.533 Executing VM operation: G1PauseRemark
Event: 26.543 Executing VM operation: G1PauseRemark done
Event: 26.605 Executing VM operation: G1PauseCleanup
Event: 26.628 Executing VM operation: G1PauseCleanup done
Event: 26.649 Executing VM operation: G1CollectForAllocation
Event: 26.666 Executing VM operation: G1CollectForAllocation done
Event: 26.672 Executing VM operation: G1CollectForAllocation
Event: 26.680 Executing VM operation: G1CollectForAllocation done
Event: 26.816 Executing VM operation: G1CollectForAllocation

Memory protections (0 events):
No events

Nmethod flushes (20 events):
Event: 15.919 Thread 0x000001b3fd9bb9e0 flushing  nmethod 0x000001b380a92e10
Event: 15.919 Thread 0x000001b3fd9bb9e0 flushing  nmethod 0x000001b380a93410
Event: 15.919 Thread 0x000001b3fd9bb9e0 flushing  nmethod 0x000001b380a93f10
Event: 15.919 Thread 0x000001b3fd9bb9e0 flushing  nmethod 0x000001b380a94810
Event: 15.919 Thread 0x000001b3fd9bb9e0 flushing  nmethod 0x000001b380a95a90
Event: 15.919 Thread 0x000001b3fd9bb9e0 flushing  nmethod 0x000001b380a96610
Event: 15.919 Thread 0x000001b3fd9bb9e0 flushing  nmethod 0x000001b380a96b10
Event: 15.919 Thread 0x000001b3fd9bb9e0 flushing  nmethod 0x000001b380a98490
Event: 15.919 Thread 0x000001b3fd9bb9e0 flushing  nmethod 0x000001b380a99510
Event: 15.919 Thread 0x000001b3fd9bb9e0 flushing  nmethod 0x000001b380aa3190
Event: 15.919 Thread 0x000001b3fd9bb9e0 flushing  nmethod 0x000001b380aa6190
Event: 15.919 Thread 0x000001b3fd9bb9e0 flushing  nmethod 0x000001b380aa6610
Event: 15.919 Thread 0x000001b3fd9bb9e0 flushing  nmethod 0x000001b380aa6a90
Event: 15.919 Thread 0x000001b3fd9bb9e0 flushing  nmethod 0x000001b380aac290
Event: 15.919 Thread 0x000001b3fd9bb9e0 flushing  nmethod 0x000001b380aac590
Event: 15.919 Thread 0x000001b3fd9bb9e0 flushing  nmethod 0x000001b380aaca10
Event: 15.919 Thread 0x000001b3fd9bb9e0 flushing  nmethod 0x000001b380aadd10
Event: 15.919 Thread 0x000001b3fd9bb9e0 flushing  nmethod 0x000001b380ab4210
Event: 15.919 Thread 0x000001b3fd9bb9e0 flushing  nmethod 0x000001b380ab5090
Event: 23.243 Thread 0x000001b3fd9bb9e0 flushing  nmethod 0x000001b380aa3790

Events (20 events):
Event: 5.635 Thread 0x000001b3f13f57a0 Thread added: 0x000001b3d4923aa0
Event: 5.862 Thread 0x000001b3d4923aa0 Thread exited: 0x000001b3d4923aa0
Event: 5.971 Thread 0x000001b3fed01150 Thread exited: 0x000001b3fed01150
Event: 8.356 Thread 0x000001b3fe8e9630 Thread exited: 0x000001b3fe8e9630
Event: 8.440 Thread 0x000001b3fd944e70 Thread added: 0x000001b3fe8e9630
Event: 10.534 Thread 0x000001b3fe8e9630 Thread exited: 0x000001b3fe8e9630
Event: 10.561 Thread 0x000001b3fd944e70 Thread added: 0x000001b3d47e7030
Event: 11.331 Thread 0x000001b3f13f57a0 Thread added: 0x000001b3d5d3e9c0
Event: 14.982 Thread 0x000001b3d47e7030 Thread exited: 0x000001b3d47e7030
Event: 15.149 Thread 0x000001b3f13f57a0 Thread added: 0x000001b3d5d1a020
Event: 15.239 Thread 0x000001b3fd944e70 Thread added: 0x000001b3d47e6590
Event: 15.329 Thread 0x000001b3d5d1a020 Thread added: 0x000001b3d5d194a0
Event: 17.892 Thread 0x000001b3d47e6590 Thread exited: 0x000001b3d47e6590
Event: 18.842 Thread 0x000001b3fd944e70 Thread added: 0x000001b3d47e7580
Event: 19.478 Thread 0x000001b3d47e7580 Thread exited: 0x000001b3d47e7580
Event: 20.235 Thread 0x000001b3fd944e70 Thread added: 0x000001b3d47e4060
Event: 21.559 Thread 0x000001b3f13f57a0 Thread added: 0x000001b3d5d18060
Event: 21.567 Thread 0x000001b3f13f57a0 Thread added: 0x000001b3d5d18570
Event: 21.574 Thread 0x000001b3f13f57a0 Thread added: 0x000001b3d5d18f90
Event: 21.692 Thread 0x000001b3d5d194a0 Thread exited: 0x000001b3d5d194a0


Dynamic libraries:
0x00007ff693480000 - 0x00007ff69348e000 	C:\Users\merlin\.jdks\ms-17.0.17\bin\java.exe
0x00007ffcdb500000 - 0x00007ffcdb768000 	C:\WINDOWS\SYSTEM32\ntdll.dll
0x00007ffcda810000 - 0x00007ffcda8d9000 	C:\WINDOWS\System32\KERNEL32.DLL
0x00007ffcd88e0000 - 0x00007ffcd8ccd000 	C:\WINDOWS\System32\KERNELBASE.dll
0x00007ffcd86e0000 - 0x00007ffcd882b000 	C:\WINDOWS\System32\ucrtbase.dll
0x00007ffcd3440000 - 0x00007ffcd3458000 	C:\Users\merlin\.jdks\ms-17.0.17\bin\jli.dll
0x00007ffcd3420000 - 0x00007ffcd343e000 	C:\Users\merlin\.jdks\ms-17.0.17\bin\VCRUNTIME140.dll
0x00007ffcd9a60000 - 0x00007ffcd9c2c000 	C:\WINDOWS\System32\USER32.dll
0x00007ffcd91d0000 - 0x00007ffcd91f7000 	C:\WINDOWS\System32\win32u.dll
0x00007ffcc8ad0000 - 0x00007ffcc8d6a000 	C:\WINDOWS\WinSxS\amd64_microsoft.windows.common-controls_6595b64144ccf1df_6.0.26100.4484_none_3e0e6d4ce32ef3b3\COMCTL32.dll
0x00007ffcd9a30000 - 0x00007ffcd9a5b000 	C:\WINDOWS\System32\GDI32.dll
0x00007ffcd9390000 - 0x00007ffcd9439000 	C:\WINDOWS\System32\msvcrt.dll
0x00007ffcd9090000 - 0x00007ffcd91c7000 	C:\WINDOWS\System32\gdi32full.dll
0x00007ffcd8830000 - 0x00007ffcd88d3000 	C:\WINDOWS\System32\msvcp_win.dll
0x00007ffcdaac0000 - 0x00007ffcdaaef000 	C:\WINDOWS\System32\IMM32.DLL
0x00007ffcd5440000 - 0x00007ffcd544c000 	C:\Users\merlin\.jdks\ms-17.0.17\bin\vcruntime140_1.dll
0x00007ffcd05e0000 - 0x00007ffcd0669000 	C:\Users\merlin\.jdks\ms-17.0.17\bin\msvcp140.dll
0x00007ffc8b140000 - 0x00007ffc8bdba000 	C:\Users\merlin\.jdks\ms-17.0.17\bin\server\jvm.dll
0x00007ffcdb400000 - 0x00007ffcdb4b4000 	C:\WINDOWS\System32\ADVAPI32.dll
0x00007ffcdb350000 - 0x00007ffcdb3f6000 	C:\WINDOWS\System32\sechost.dll
0x00007ffcda400000 - 0x00007ffcda518000 	C:\WINDOWS\System32\RPCRT4.dll
0x00007ffcda6d0000 - 0x00007ffcda744000 	C:\WINDOWS\System32\WS2_32.dll
0x00007ffcd84a0000 - 0x00007ffcd84fe000 	C:\WINDOWS\SYSTEM32\POWRPROF.dll
0x00007ffcc5400000 - 0x00007ffcc5435000 	C:\WINDOWS\SYSTEM32\WINMM.dll
0x00007ffcc54f0000 - 0x00007ffcc54fb000 	C:\WINDOWS\SYSTEM32\VERSION.dll
0x00007ffcd8480000 - 0x00007ffcd8494000 	C:\WINDOWS\SYSTEM32\UMPDC.dll
0x00007ffcd73b0000 - 0x00007ffcd73cb000 	C:\WINDOWS\SYSTEM32\kernel.appcore.dll
0x00007ffcd32f0000 - 0x00007ffcd32fa000 	C:\Users\merlin\.jdks\ms-17.0.17\bin\jimage.dll
0x00007ffcc5730000 - 0x00007ffcc5971000 	C:\WINDOWS\SYSTEM32\DBGHELP.DLL
0x00007ffcd96a0000 - 0x00007ffcd9a26000 	C:\WINDOWS\System32\combase.dll
0x00007ffcd92a0000 - 0x00007ffcd9380000 	C:\WINDOWS\System32\OLEAUT32.dll
0x00007ffcc35f0000 - 0x00007ffcc3633000 	C:\WINDOWS\SYSTEM32\dbgcore.DLL
0x00007ffcd9200000 - 0x00007ffcd9299000 	C:\WINDOWS\System32\bcryptPrimitives.dll
0x00007ffcd2fa0000 - 0x00007ffcd2faf000 	C:\Users\merlin\.jdks\ms-17.0.17\bin\instrument.dll
0x00007ffcd0740000 - 0x00007ffcd0766000 	C:\Users\merlin\.jdks\ms-17.0.17\bin\java.dll
0x00007ffcd0500000 - 0x00007ffcd05d6000 	C:\Users\merlin\.jdks\ms-17.0.17\bin\jsvml.dll
0x00007ffcd9c30000 - 0x00007ffcda37a000 	C:\WINDOWS\System32\SHELL32.dll
0x00007ffcd8d90000 - 0x00007ffcd8f04000 	C:\WINDOWS\System32\wintypes.dll
0x00007ffcd6270000 - 0x00007ffcd6acb000 	C:\WINDOWS\SYSTEM32\windows.storage.dll
0x00007ffcdab10000 - 0x00007ffcdac05000 	C:\WINDOWS\System32\SHCORE.dll
0x00007ffcda7a0000 - 0x00007ffcda80a000 	C:\WINDOWS\System32\shlwapi.dll
0x00007ffcd8560000 - 0x00007ffcd858f000 	C:\WINDOWS\SYSTEM32\profapi.dll
0x00007ffcd2f80000 - 0x00007ffcd2f98000 	C:\Users\merlin\.jdks\ms-17.0.17\bin\zip.dll
0x00007ffcd04e0000 - 0x00007ffcd04fb000 	C:\Users\merlin\.jdks\ms-17.0.17\bin\net.dll
0x00007ffcce680000 - 0x00007ffcce79e000 	C:\WINDOWS\SYSTEM32\WINHTTP.dll
0x00007ffcd7920000 - 0x00007ffcd798a000 	C:\WINDOWS\system32\mswsock.dll
0x00007ffcd0470000 - 0x00007ffcd0486000 	C:\Users\merlin\.jdks\ms-17.0.17\bin\nio.dll
0x00007ffcd1600000 - 0x00007ffcd1609000 	C:\Users\merlin\.jdks\ms-17.0.17\bin\extnet.dll
0x00007ffcd0730000 - 0x00007ffcd073e000 	C:\Users\merlin\.jdks\ms-17.0.17\bin\sunmscapi.dll
0x00007ffcd8f10000 - 0x00007ffcd9087000 	C:\WINDOWS\System32\CRYPT32.dll
0x00007ffcd7e50000 - 0x00007ffcd7e80000 	C:\WINDOWS\SYSTEM32\ncrypt.dll
0x00007ffcd7e00000 - 0x00007ffcd7e3f000 	C:\WINDOWS\SYSTEM32\NTASN1.dll
0x00007ffcd7d00000 - 0x00007ffcd7d1b000 	C:\WINDOWS\SYSTEM32\CRYPTSP.dll
0x00007ffcd7310000 - 0x00007ffcd734b000 	C:\WINDOWS\system32\rsaenh.dll
0x00007ffcd79c0000 - 0x00007ffcd79eb000 	C:\WINDOWS\SYSTEM32\USERENV.dll
0x00007ffcd8530000 - 0x00007ffcd8556000 	C:\WINDOWS\SYSTEM32\bcrypt.dll
0x00007ffcd7b60000 - 0x00007ffcd7b6c000 	C:\WINDOWS\SYSTEM32\CRYPTBASE.dll
0x00007ffcd6dc0000 - 0x00007ffcd6df3000 	C:\WINDOWS\SYSTEM32\IPHLPAPI.DLL
0x00007ffcd95b0000 - 0x00007ffcd95ba000 	C:\WINDOWS\System32\NSI.dll
0x00007ffcce5b0000 - 0x00007ffcce5cf000 	C:\WINDOWS\SYSTEM32\dhcpcsvc6.DLL
0x00007ffcce580000 - 0x00007ffcce5a5000 	C:\WINDOWS\SYSTEM32\dhcpcsvc.DLL
0x00007ffcd6e50000 - 0x00007ffcd6f76000 	C:\WINDOWS\SYSTEM32\DNSAPI.dll
0x00007ffcd0460000 - 0x00007ffcd046a000 	C:\Users\merlin\.jdks\ms-17.0.17\bin\management.dll
0x00007ffcd0410000 - 0x00007ffcd041c000 	C:\Users\merlin\.jdks\ms-17.0.17\bin\management_ext.dll
0x00007ffcda9b0000 - 0x00007ffcda9b8000 	C:\WINDOWS\System32\PSAPI.DLL
0x00007ffcc81f0000 - 0x00007ffcc81fb000 	C:\Windows\System32\rasadhlp.dll
0x00007ffcce070000 - 0x00007ffcce0f6000 	C:\WINDOWS\System32\fwpuclnt.dll

dbghelp: loaded successfully - version: 4.0.5 - missing functions: none
symbol engine: initialized successfully - sym options: 0x614 - pdb path: .;C:\Users\merlin\.jdks\ms-17.0.17\bin;C:\WINDOWS\SYSTEM32;C:\WINDOWS\WinSxS\amd64_microsoft.windows.common-controls_6595b64144ccf1df_6.0.26100.4484_none_3e0e6d4ce32ef3b3;C:\Users\merlin\.jdks\ms-17.0.17\bin\server

VM Arguments:
jvm_args: -javaagent:C:\Java\IntelliJ IDEA 2025.2\lib\idea_rt.jar=58187 -Dfile.encoding=UTF-8 
java_command: com.Merlin.Inventory.Management.System.InventoryManagementSystemApplication
java_class_path (initial): C:\INVENTORY MANAGMENT SYSTEM\Inventory-Management-System\target\classes;C:\Users\merlin\.m2\repository\org\springframework\boot\spring-boot-starter-data-jpa\4.0.3\spring-boot-starter-data-jpa-4.0.3.jar;C:\Users\merlin\.m2\repository\org\springframework\boot\spring-boot-starter\4.0.3\spring-boot-starter-4.0.3.jar;C:\Users\merlin\.m2\repository\org\springframework\boot\spring-boot-starter-logging\4.0.3\spring-boot-starter-logging-4.0.3.jar;C:\Users\merlin\.m2\repository\ch\qos\logback\logback-classic\1.5.32\logback-classic-1.5.32.jar;C:\Users\merlin\.m2\repository\ch\qos\logback\logback-core\1.5.32\logback-core-1.5.32.jar;C:\Users\merlin\.m2\repository\org\apache\logging\log4j\log4j-to-slf4j\2.25.3\log4j-to-slf4j-2.25.3.jar;C:\Users\merlin\.m2\repository\org\apache\logging\log4j\log4j-api\2.25.3\log4j-api-2.25.3.jar;C:\Users\merlin\.m2\repository\org\slf4j\jul-to-slf4j\2.0.17\jul-to-slf4j-2.0.17.jar;C:\Users\merlin\.m2\repository\jakarta\annotation\jakarta.annotation-api\3.0.0\jakarta.annotation-api-3.0.0.jar;C:\Users\merlin\.m2\repository\org\yaml\snakeyaml\2.5\snakeyaml-2.5.jar;C:\Users\merlin\.m2\repository\org\springframework\boot\spring-boot-starter-jdbc\4.0.3\spring-boot-starter-jdbc-4.0.3.jar;C:\Users\merlin\.m2\repository\com\zaxxer\HikariCP\7.0.2\HikariCP-7.0.2.jar;C:\Users\merlin\.m2\repository\org\springframework\boot\spring-boot-data-jpa\4.0.3\spring-boot-data-jpa-4.0.3.jar;C:\Users\merlin\.m2\repository\org\springframework\boot\spring-boot-data-commons\4.0.3\spring-boot-data-commons-4.0.3.jar;C:\Users\merlin\.m2\repository\org\springframework\boot\spring-boot-persistence\4.0.3\spring-boot-persistence-4.0.3.jar;C:\Users\merlin\.m2\repository\org\springframework\data\spring-data-commons\4.0.3\spring-data-commons-4.0.3.jar;C:\Users\merlin\.m2\repository\org\springframework\boot\spring-boot-hibernate\4.0.3\spring-boot-hibernate-4.0.3.jar;C:\Users\merlin\.m2\repository\org\springframework\boot\spring-boot-jpa\4.0.3\spring-boot-jpa
Launcher Type: SUN_STANDARD

[Global flags]
     intx CICompilerCount                          = 3                                         {product} {ergonomic}
     uint ConcGCThreads                            = 1                                         {product} {ergonomic}
     uint G1ConcRefinementThreads                  = 4                                         {product} {ergonomic}
   size_t G1HeapRegionSize                         = 1048576                                   {product} {ergonomic}
    uintx GCDrainStackTargetSize                   = 64                                        {product} {ergonomic}
   size_t InitialHeapSize                          = 67108864                                  {product} {ergonomic}
   size_t MarkStackSize                            = 4194304                                   {product} {ergonomic}
   size_t MaxHeapSize                              = 1050673152                                {product} {ergonomic}
   size_t MaxNewSize                               = 630194176                                 {product} {ergonomic}
   size_t MinHeapDeltaBytes                        = 1048576                                   {product} {ergonomic}
   size_t MinHeapSize                              = 8388608                                   {product} {ergonomic}
    uintx NonNMethodCodeHeapSize                   = 5832780                                {pd product} {ergonomic}
    uintx NonProfiledCodeHeapSize                  = 122912730                              {pd product} {ergonomic}
    uintx ProfiledCodeHeapSize                     = 122912730                              {pd product} {ergonomic}
    uintx ReservedCodeCacheSize                    = 251658240                              {pd product} {ergonomic}
     bool SegmentedCodeCache                       = true                                      {product} {ergonomic}
   size_t SoftMaxHeapSize                          = 1050673152                             {manageable} {ergonomic}
     bool UseCompressedClassPointers               = true                           {product lp64_product} {ergonomic}
     bool UseCompressedOops                        = true                           {product lp64_product} {ergonomic}
     bool UseG1GC                                  = true                                      {product} {ergonomic}
     bool UseLargePagesIndividualAllocation        = false                                  {pd product} {ergonomic}

Logging:
Log output configuration:
 #0: stdout all=warning uptime,level,tags
 #1: stderr all=off uptime,level,tags

Environment Variables:
PATH=C:\Program Files\Microsoft MPI\Bin\;C:\Program Files\Common Files\Oracle\Java\javapath;C:\WINDOWS\system32;C:\WINDOWS;C:\WINDOWS\System32\Wbem;C:\WINDOWS\System32\WindowsPowerShell\v1.0\;C:\Program Files\dotnet\;C:\Program Files\Microsoft SQL Server\150\Tools\Binn\;C:\Program Files\Microsoft SQL Server\Client SDK\ODBC\170\Tools\Binn\;C:\Program Files\Git\cmd;C:\apache-maven-3.9.11\bin;C:\Program Files\Docker\Docker\resources\bin;C:\Program Files (x86)\Microsoft SQL Server\170\Tools\Binn\;C:\Program Files\Microsoft SQL Server\170\Tools\Binn\;C:\Program Files\Microsoft SQL Server\Client SDK\ODBC\180\Tools\Binn\;C:\Program Files\Microsoft SQL Server\170\DTS\Binn\;C:\Users\merlin\AppData\Local\nvm;C:\nvm4w\nodejs;C:\Users\merlin\AppData\Local\Programs\Python\Launcher\;C:\Program Files\MySQL\MySQL Shell 8.0\bin\;C:\Users\merlin\AppData\Local\Microsoft\WindowsApps;C:\Users\merlin\AppData\Local\Programs\Microsoft VS Code\bin;C:\Users\merlin\.dotnet\tools;C:\Users\merlin\AppData\Local\GitHubDesktop\bin;C:\Users\merlin\AppData\Roaming\npm;C:\Users\merlin\AppData\Local\nvm;C:\nvm4w\nodejs
USERNAME=merlin
OS=Windows_NT
PROCESSOR_IDENTIFIER=Intel64 Family 6 Model 69 Stepping 1, GenuineIntel
TMP=C:\Users\merlin\AppData\Local\Temp
TEMP=C:\Users\merlin\AppData\Local\Temp



Periodic native trim disabled


---------------  S Y S T E M  ---------------

OS:
 Windows 11 , 64 bit Build 26100 (10.0.26100.4484)
OS uptime: 0 days 2:08 hours
Hyper-V role detected

CPU: total 4 (initial active 4) (2 cores per cpu, 2 threads per core) family 6 model 69 stepping 1 microcode 0x26, cx8, cmov, fxsr, ht, mmx, sse, sse2, sse3, ssse3, sse4.1, sse4.2, popcnt, lzcnt, tsc, tscinvbit, avx, avx2, aes, erms, clmul, bmi1, bmi2, fma, vzeroupper, clflush, hv
Processor Information for the first 4 processors :
  Max Mhz: 2501, Current Mhz: 2501, Mhz Limit: 2501

Memory: 4k page, system-wide physical 4001M (416M free)
TotalPageFile size 12193M (AvailPageFile size 179M)
current process WorkingSet (physical memory assigned to process): 327M, peak: 337M
current process commit charge ("private bytes"): 358M, peak: 536M

vm_info: OpenJDK 64-Bit Server VM (17.0.17+10-LTS) for windows-amd64 JRE (17.0.17+10-LTS), built on Oct 13 2025 22:19:56 by "MicrosoftCorporation" with unknown MS VC++:1944

END.
