#
# There is insufficient memory for the Java Runtime Environment to continue.
# Native memory allocation (malloc) failed to allocate 2534240 bytes. Error detail: Chunk::new
# Possible reasons:
#   The system is out of physical RAM or swap space
#   This process is running with CompressedOops enabled, and the Java Heap may be blocking the growth of the native heap
# Possible solutions:
#   Reduce memory load on the system
#   Increase physical memory or swap space
#   Check if swap backing store is full
#   Decrease Java heap size (-Xmx/-Xms)
#   Decrease number of Java threads
#   Decrease Java thread stack sizes (-Xss)
#   Set larger code cache with -XX:ReservedCodeCacheSize=
#   JVM is running with Unscaled Compressed Oops mode in which the Java heap is
#     placed in the first 4GB address space. The Java Heap base address is the
#     maximum limit for the native heap growth. Please use -XX:HeapBaseMinAddress
#     to set the Java Heap base and to place the Java Heap above 4GB virtual address.
# This output file may be truncated or incomplete.
#
#  Out of Memory Error (arena.cpp:191), pid=11676, tid=13956
#
# JRE version: OpenJDK Runtime Environment Microsoft-12574423 (17.0.17+10) (build 17.0.17+10-LTS)
# Java VM: OpenJDK 64-Bit Server VM Microsoft-12574423 (17.0.17+10-LTS, mixed mode, sharing, tiered, compressed oops, compressed class ptrs, g1 gc, windows-amd64)
# No core dump will be written. Minidumps are not enabled by default on client versions of Windows
#

---------------  S U M M A R Y ------------

Command Line: -javaagent:C:\Java\IntelliJ IDEA 2025.2\lib\idea_rt.jar=58687 -Dfile.encoding=UTF-8 com.Merlin.Inventory.Management.System.InventoryManagementSystemApplication

Host: Intel(R) Core(TM) i5-4300U CPU @ 1.90GHz, 4 cores, 3G,  Windows 11 , 64 bit Build 26100 (10.0.26100.4484)
Time: Sun May 31 15:55:51 2026 E. Africa Standard Time elapsed time: 34.271214 seconds (0d 0h 0m 34s)

---------------  T H R E A D  ---------------

Current thread (0x0000029519b9d3a0):  JavaThread "C2 CompilerThread1" daemon [_thread_in_native, id=13956, stack(0x0000009c4e800000,0x0000009c4e900000)]


Current CompileTask:
C2:34272 7960       4       org.antlr.v4.runtime.atn.PredictionContext::mergeArrays (809 bytes)

Stack: [0x0000009c4e800000,0x0000009c4e900000]
Native frames: (J=compiled Java code, j=interpreted, Vv=VM code, C=native code)
V  [jvm.dll+0x68c459]  (no source info available)
V  [jvm.dll+0x845e09]  (no source info available)
V  [jvm.dll+0x847b78]  (no source info available)
V  [jvm.dll+0x848203]  (no source info available)
V  [jvm.dll+0x24cf6f]  (no source info available)
V  [jvm.dll+0xaecb6]  (no source info available)
V  [jvm.dll+0xaf35c]  (no source info available)
V  [jvm.dll+0x37157e]  (no source info available)
V  [jvm.dll+0x1c08f9]  (no source info available)
V  [jvm.dll+0x21e080]  (no source info available)
V  [jvm.dll+0x21d36d]  (no source info available)
V  [jvm.dll+0x1a8ce6]  (no source info available)
V  [jvm.dll+0x22db1b]  (no source info available)
V  [jvm.dll+0x22bca6]  (no source info available)
V  [jvm.dll+0x7fb65b]  (no source info available)
V  [jvm.dll+0x7f5a5c]  (no source info available)
V  [jvm.dll+0x68d9f7]  (no source info available)
C  [ucrtbase.dll+0x37b0]  (no source info available)
C  [KERNEL32.DLL+0x2e8d7]  (no source info available)
C  [ntdll.dll+0x3c34c]  (no source info available)


---------------  P R O C E S S  ---------------

Threads class SMR info:
_java_thread_list=0x00000295630f70d0, length=24, elements={
0x000002957dab2500, 0x000002957f5751a0, 0x000002957f577d70, 0x000002957f58c5e0,
0x000002957f58d1a0, 0x000002957f58fb70, 0x000002957f590530, 0x000002957f5912d0,
0x000002957f5a4540, 0x000002957f5a6600, 0x000002957f562190, 0x0000029519c80540,
0x0000029519d5e8b0, 0x0000029560a3b010, 0x0000029519adf040, 0x000002956044cfd0,
0x00000295609ed480, 0x0000029560076810, 0x0000029560502870, 0x00000295605037a0,
0x0000029560503290, 0x00000295605041c0, 0x0000029560502360, 0x0000029519b9d3a0
}

Java Threads: ( => current thread )
  0x000002957dab2500 JavaThread "main" [_thread_in_native, id=15780, stack(0x0000009c4c600000,0x0000009c4c700000)]
  0x000002957f5751a0 JavaThread "Reference Handler" daemon [_thread_blocked, id=15764, stack(0x0000009c4cd00000,0x0000009c4ce00000)]
  0x000002957f577d70 JavaThread "Finalizer" daemon [_thread_blocked, id=10684, stack(0x0000009c4ce00000,0x0000009c4cf00000)]
  0x000002957f58c5e0 JavaThread "Signal Dispatcher" daemon [_thread_blocked, id=6200, stack(0x0000009c4cf00000,0x0000009c4d000000)]
  0x000002957f58d1a0 JavaThread "Attach Listener" daemon [_thread_blocked, id=14068, stack(0x0000009c4d000000,0x0000009c4d100000)]
  0x000002957f58fb70 JavaThread "Service Thread" daemon [_thread_blocked, id=932, stack(0x0000009c4d100000,0x0000009c4d200000)]
  0x000002957f590530 JavaThread "Monitor Deflation Thread" daemon [_thread_blocked, id=13320, stack(0x0000009c4d200000,0x0000009c4d300000)]
  0x000002957f5912d0 JavaThread "C2 CompilerThread0" daemon [_thread_in_native, id=10716, stack(0x0000009c4d300000,0x0000009c4d400000)]
  0x000002957f5a4540 JavaThread "C1 CompilerThread0" daemon [_thread_blocked, id=12996, stack(0x0000009c4d400000,0x0000009c4d500000)]
  0x000002957f5a6600 JavaThread "Sweeper thread" daemon [_thread_blocked, id=4728, stack(0x0000009c4d500000,0x0000009c4d600000)]
  0x000002957f562190 JavaThread "Common-Cleaner" daemon [_thread_blocked, id=1600, stack(0x0000009c4d600000,0x0000009c4d700000)]
  0x0000029519c80540 JavaThread "Monitor Ctrl-Break" daemon [_thread_in_native, id=15528, stack(0x0000009c4d700000,0x0000009c4d800000)]
  0x0000029519d5e8b0 JavaThread "Notification Thread" daemon [_thread_blocked, id=14604, stack(0x0000009c4d800000,0x0000009c4d900000)]
  0x0000029560a3b010 JavaThread "RMI TCP Accept-0" daemon [_thread_in_native, id=4756, stack(0x0000009c4de00000,0x0000009c4df00000)]
  0x0000029519adf040 JavaThread "RMI TCP Connection(1)-192.168.180.177" daemon [_thread_in_native, id=14900, stack(0x0000009c4df00000,0x0000009c4e000000)]
  0x000002956044cfd0 JavaThread "RMI Scheduler(0)" daemon [_thread_blocked, id=14368, stack(0x0000009c4e000000,0x0000009c4e100000)]
  0x00000295609ed480 JavaThread "JMX server connection timeout 21" daemon [_thread_blocked, id=14040, stack(0x0000009c4e100000,0x0000009c4e200000)]
  0x0000029560076810 JavaThread "RMI TCP Connection(2)-192.168.180.177" daemon [_thread_in_native, id=13712, stack(0x0000009c4e300000,0x0000009c4e400000)]
  0x0000029560502870 JavaThread "mysql-cj-abandoned-connection-cleanup" daemon [_thread_blocked, id=14244, stack(0x0000009c4dd00000,0x0000009c4de00000)]
  0x00000295605037a0 JavaThread "HikariPool-1:housekeeper" daemon [_thread_blocked, id=12812, stack(0x0000009c4e400000,0x0000009c4e500000)]
  0x0000029560503290 JavaThread "Catalina-utility-1" [_thread_blocked, id=5140, stack(0x0000009c4e500000,0x0000009c4e600000)]
  0x00000295605041c0 JavaThread "Catalina-utility-2" [_thread_blocked, id=2828, stack(0x0000009c4e600000,0x0000009c4e700000)]
  0x0000029560502360 JavaThread "container-0" [_thread_blocked, id=14704, stack(0x0000009c4e700000,0x0000009c4e800000)]
=>0x0000029519b9d3a0 JavaThread "C2 CompilerThread1" daemon [_thread_in_native, id=13956, stack(0x0000009c4e800000,0x0000009c4e900000)]

Other Threads:
  0x000002957f5704b0 VMThread "VM Thread" [stack: 0x0000009c4cc00000,0x0000009c4cd00000] [id=14948]
  0x0000029519c80a20 WatcherThread [stack: 0x0000009c4d900000,0x0000009c4da00000] [id=7732]
  0x000002957daef970 GCTaskThread "GC Thread#0" [stack: 0x0000009c4c700000,0x0000009c4c800000] [id=1752]
  0x000002955f470440 GCTaskThread "GC Thread#1" [stack: 0x0000009c4da00000,0x0000009c4db00000] [id=14580]
  0x000002955f52a260 GCTaskThread "GC Thread#2" [stack: 0x0000009c4db00000,0x0000009c4dc00000] [id=13988]
  0x000002955f52a530 GCTaskThread "GC Thread#3" [stack: 0x0000009c4dc00000,0x0000009c4dd00000] [id=13416]
  0x000002957daf8610 ConcurrentGCThread "G1 Main Marker" [stack: 0x0000009c4c800000,0x0000009c4c900000] [id=10460]
  0x000002957dafbbc0 ConcurrentGCThread "G1 Conc#0" [stack: 0x0000009c4c900000,0x0000009c4ca00000] [id=12972]
  0x000002957db44990 ConcurrentGCThread "G1 Refine#0" [stack: 0x0000009c4ca00000,0x0000009c4cb00000] [id=16112]
  0x000002957db45270 ConcurrentGCThread "G1 Service" [stack: 0x0000009c4cb00000,0x0000009c4cc00000] [id=6736]

Threads with active compile tasks:
C2 CompilerThread0  34376 8004       4       org.antlr.v4.runtime.atn.ParserATNSimulator::closure_ (343 bytes)
C2 CompilerThread1  34376 7960       4       org.antlr.v4.runtime.atn.PredictionContext::mergeArrays (809 bytes)

VM state: not at safepoint (normal execution)

VM Mutex/Monitor currently owned by a thread: None

Heap address: 0x00000000c1600000, size: 1002 MB, Compressed Oops mode: 32-bit

CDS archive(s) mapped at: [0x000002951a000000-0x000002951abb0000-0x000002951abb0000), size 12255232, SharedBaseAddress: 0x000002951a000000, ArchiveRelocationMode: 1.
Compressed class space mapped at: 0x000002951b000000-0x000002955b000000, reserved size: 1073741824
Narrow klass base: 0x000002951a000000, Narrow klass shift: 0, Narrow klass range: 0x100000000

GC Precious Log:
 CPUs: 4 total, 4 available
 Memory: 4001M
 Large Page Support: Disabled
 NUMA Support: Disabled
 Compressed Oops: Enabled (32-bit)
 Heap Region Size: 1M
 Heap Min Capacity: 8M
 Heap Initial Capacity: 64M
 Heap Max Capacity: 1002M
 Pre-touch: Disabled
 Parallel Workers: 4
 Concurrent Workers: 1
 Concurrent Refinement Workers: 4
 Periodic GC: Disabled

Heap:
 garbage-first heap   total 89088K, used 66248K [0x00000000c1600000, 0x0000000100000000)
  region size 1024K, 31 young (31744K), 3 survivors (3072K)
 Metaspace       used 89308K, committed 89920K, reserved 1179648K
  class space    used 12364K, committed 12672K, reserved 1048576K

Heap Regions: E=young(eden), S=young(survivor), O=old, HS=humongous(starts), HC=humongous(continues), CS=collection set, F=free, OA=open archive, CA=closed archive, TAMS=top-at-mark-start (previous, next)
|   0|0x00000000c1600000, 0x00000000c1700000, 0x00000000c1700000|100%|HS|  |TAMS 0x00000000c1700000, 0x00000000c1600000| Complete 
|   1|0x00000000c1700000, 0x00000000c1800000, 0x00000000c1800000|100%|HS|  |TAMS 0x00000000c1800000, 0x00000000c1700000| Complete 
|   2|0x00000000c1800000, 0x00000000c1900000, 0x00000000c1900000|100%| O|  |TAMS 0x00000000c1900000, 0x00000000c1800000| Untracked 
|   3|0x00000000c1900000, 0x00000000c1a00000, 0x00000000c1a00000|100%| O|  |TAMS 0x00000000c1a00000, 0x00000000c1900000| Untracked 
|   4|0x00000000c1a00000, 0x00000000c1b00000, 0x00000000c1b00000|100%| O|  |TAMS 0x00000000c1b00000, 0x00000000c1a00000| Untracked 
|   5|0x00000000c1b00000, 0x00000000c1c00000, 0x00000000c1c00000|100%| O|  |TAMS 0x00000000c1c00000, 0x00000000c1b00000| Untracked 
|   6|0x00000000c1c00000, 0x00000000c1d00000, 0x00000000c1d00000|100%| O|  |TAMS 0x00000000c1d00000, 0x00000000c1c00000| Untracked 
|   7|0x00000000c1d00000, 0x00000000c1e00000, 0x00000000c1e00000|100%| O|  |TAMS 0x00000000c1e00000, 0x00000000c1d00000| Untracked 
|   8|0x00000000c1e00000, 0x00000000c1f00000, 0x00000000c1f00000|100%| O|  |TAMS 0x00000000c1f00000, 0x00000000c1e00000| Untracked 
|   9|0x00000000c1f00000, 0x00000000c2000000, 0x00000000c2000000|100%| O|  |TAMS 0x00000000c2000000, 0x00000000c1f00000| Untracked 
|  10|0x00000000c2000000, 0x00000000c2100000, 0x00000000c2100000|100%| O|  |TAMS 0x00000000c2100000, 0x00000000c2000000| Untracked 
|  11|0x00000000c2100000, 0x00000000c2200000, 0x00000000c2200000|100%| O|  |TAMS 0x00000000c2200000, 0x00000000c2100000| Untracked 
|  12|0x00000000c2200000, 0x00000000c2300000, 0x00000000c2300000|100%| O|  |TAMS 0x00000000c2300000, 0x00000000c2200000| Untracked 
|  13|0x00000000c2300000, 0x00000000c2400000, 0x00000000c2400000|100%| O|  |TAMS 0x00000000c2400000, 0x00000000c2300000| Untracked 
|  14|0x00000000c2400000, 0x00000000c2500000, 0x00000000c2500000|100%| O|  |TAMS 0x00000000c2500000, 0x00000000c2400000| Untracked 
|  15|0x00000000c2500000, 0x00000000c2600000, 0x00000000c2600000|100%| O|  |TAMS 0x00000000c2600000, 0x00000000c2500000| Untracked 
|  16|0x00000000c2600000, 0x00000000c2700000, 0x00000000c2700000|100%| O|  |TAMS 0x00000000c2700000, 0x00000000c2600000| Untracked 
|  17|0x00000000c2700000, 0x00000000c2800000, 0x00000000c2800000|100%| O|  |TAMS 0x00000000c2800000, 0x00000000c2700000| Untracked 
|  18|0x00000000c2800000, 0x00000000c2900000, 0x00000000c2900000|100%| O|  |TAMS 0x00000000c2900000, 0x00000000c2800000| Untracked 
|  19|0x00000000c2900000, 0x00000000c2a00000, 0x00000000c2a00000|100%| O|  |TAMS 0x00000000c2a00000, 0x00000000c2900000| Untracked 
|  20|0x00000000c2a00000, 0x00000000c2b00000, 0x00000000c2b00000|100%| O|  |TAMS 0x00000000c2b00000, 0x00000000c2a00000| Untracked 
|  21|0x00000000c2b00000, 0x00000000c2c00000, 0x00000000c2c00000|100%| O|  |TAMS 0x00000000c2c00000, 0x00000000c2b00000| Untracked 
|  22|0x00000000c2c00000, 0x00000000c2d00000, 0x00000000c2d00000|100%| O|  |TAMS 0x00000000c2d00000, 0x00000000c2c00000| Untracked 
|  23|0x00000000c2d00000, 0x00000000c2e00000, 0x00000000c2e00000|100%| O|  |TAMS 0x00000000c2e00000, 0x00000000c2d00000| Untracked 
|  24|0x00000000c2e00000, 0x00000000c2f00000, 0x00000000c2f00000|100%| O|  |TAMS 0x00000000c2e00000, 0x00000000c2e00000| Untracked 
|  25|0x00000000c2f00000, 0x00000000c3000000, 0x00000000c3000000|100%| O|  |TAMS 0x00000000c2f00000, 0x00000000c2f00000| Untracked 
|  26|0x00000000c3000000, 0x00000000c3100000, 0x00000000c3100000|100%| O|  |TAMS 0x00000000c3000000, 0x00000000c3000000| Untracked 
|  27|0x00000000c3100000, 0x00000000c3200000, 0x00000000c3200000|100%| O|  |TAMS 0x00000000c3100000, 0x00000000c3100000| Untracked 
|  28|0x00000000c3200000, 0x00000000c3300000, 0x00000000c3300000|100%| O|  |TAMS 0x00000000c3200000, 0x00000000c3200000| Untracked 
|  29|0x00000000c3300000, 0x00000000c3400000, 0x00000000c3400000|100%| O|  |TAMS 0x00000000c3300000, 0x00000000c3300000| Untracked 
|  30|0x00000000c3400000, 0x00000000c3500000, 0x00000000c3500000|100%| O|  |TAMS 0x00000000c3400000, 0x00000000c3400000| Untracked 
|  31|0x00000000c3500000, 0x00000000c3600000, 0x00000000c3600000|100%| O|  |TAMS 0x00000000c3500000, 0x00000000c3500000| Untracked 
|  32|0x00000000c3600000, 0x00000000c3700000, 0x00000000c3700000|100%| O|  |TAMS 0x00000000c3600000, 0x00000000c3600000| Untracked 
|  33|0x00000000c3700000, 0x00000000c3800000, 0x00000000c3800000|100%| O|  |TAMS 0x00000000c3700000, 0x00000000c3700000| Untracked 
|  34|0x00000000c3800000, 0x00000000c3900000, 0x00000000c3900000|100%| O|  |TAMS 0x00000000c3800000, 0x00000000c3800000| Untracked 
|  35|0x00000000c3900000, 0x00000000c39eb400, 0x00000000c3a00000| 91%| O|  |TAMS 0x00000000c3900000, 0x00000000c3900000| Untracked 
|  36|0x00000000c3a00000, 0x00000000c3a00000, 0x00000000c3b00000|  0%| F|  |TAMS 0x00000000c3a00000, 0x00000000c3a00000| Untracked 
|  37|0x00000000c3b00000, 0x00000000c3b00000, 0x00000000c3c00000|  0%| F|  |TAMS 0x00000000c3b00000, 0x00000000c3b00000| Untracked 
|  38|0x00000000c3c00000, 0x00000000c3c00000, 0x00000000c3d00000|  0%| F|  |TAMS 0x00000000c3c00000, 0x00000000c3c00000| Untracked 
|  39|0x00000000c3d00000, 0x00000000c3d00000, 0x00000000c3e00000|  0%| F|  |TAMS 0x00000000c3d00000, 0x00000000c3d00000| Untracked 
|  40|0x00000000c3e00000, 0x00000000c3e00000, 0x00000000c3f00000|  0%| F|  |TAMS 0x00000000c3e00000, 0x00000000c3e00000| Untracked 
|  41|0x00000000c3f00000, 0x00000000c3f00000, 0x00000000c4000000|  0%| F|  |TAMS 0x00000000c3f00000, 0x00000000c3f00000| Untracked 
|  42|0x00000000c4000000, 0x00000000c4000000, 0x00000000c4100000|  0%| F|  |TAMS 0x00000000c4000000, 0x00000000c4000000| Untracked 
|  43|0x00000000c4100000, 0x00000000c4100000, 0x00000000c4200000|  0%| F|  |TAMS 0x00000000c4100000, 0x00000000c4100000| Untracked 
|  44|0x00000000c4200000, 0x00000000c4200000, 0x00000000c4300000|  0%| F|  |TAMS 0x00000000c4200000, 0x00000000c4200000| Untracked 
|  45|0x00000000c4300000, 0x00000000c4300000, 0x00000000c4400000|  0%| F|  |TAMS 0x00000000c4300000, 0x00000000c4300000| Untracked 
|  46|0x00000000c4400000, 0x00000000c4400000, 0x00000000c4500000|  0%| F|  |TAMS 0x00000000c4400000, 0x00000000c4400000| Untracked 
|  47|0x00000000c4500000, 0x00000000c4500000, 0x00000000c4600000|  0%| F|  |TAMS 0x00000000c4500000, 0x00000000c4500000| Untracked 
|  48|0x00000000c4600000, 0x00000000c4600000, 0x00000000c4700000|  0%| F|  |TAMS 0x00000000c4600000, 0x00000000c4600000| Untracked 
|  49|0x00000000c4700000, 0x00000000c4700000, 0x00000000c4800000|  0%| F|  |TAMS 0x00000000c4700000, 0x00000000c4700000| Untracked 
|  50|0x00000000c4800000, 0x00000000c48c6f48, 0x00000000c4900000| 77%| S|CS|TAMS 0x00000000c4800000, 0x00000000c4800000| Complete 
|  51|0x00000000c4900000, 0x00000000c4a00000, 0x00000000c4a00000|100%| S|CS|TAMS 0x00000000c4900000, 0x00000000c4900000| Complete 
|  52|0x00000000c4a00000, 0x00000000c4b00000, 0x00000000c4b00000|100%| S|CS|TAMS 0x00000000c4a00000, 0x00000000c4a00000| Complete 
|  53|0x00000000c4b00000, 0x00000000c4b00000, 0x00000000c4c00000|  0%| F|  |TAMS 0x00000000c4b00000, 0x00000000c4b00000| Untracked 
|  54|0x00000000c4c00000, 0x00000000c4c00000, 0x00000000c4d00000|  0%| F|  |TAMS 0x00000000c4c00000, 0x00000000c4c00000| Untracked 
|  55|0x00000000c4d00000, 0x00000000c4d00000, 0x00000000c4e00000|  0%| F|  |TAMS 0x00000000c4d00000, 0x00000000c4d00000| Untracked 
|  56|0x00000000c4e00000, 0x00000000c4e00000, 0x00000000c4f00000|  0%| F|  |TAMS 0x00000000c4e00000, 0x00000000c4e00000| Untracked 
|  57|0x00000000c4f00000, 0x00000000c4f00000, 0x00000000c5000000|  0%| F|  |TAMS 0x00000000c4f00000, 0x00000000c4f00000| Untracked 
|  58|0x00000000c5000000, 0x00000000c5000000, 0x00000000c5100000|  0%| F|  |TAMS 0x00000000c5000000, 0x00000000c5000000| Untracked 
|  59|0x00000000c5100000, 0x00000000c5200000, 0x00000000c5200000|100%| E|  |TAMS 0x00000000c5100000, 0x00000000c5100000| Complete 
|  60|0x00000000c5200000, 0x00000000c5300000, 0x00000000c5300000|100%| E|CS|TAMS 0x00000000c5200000, 0x00000000c5200000| Complete 
|  61|0x00000000c5300000, 0x00000000c5400000, 0x00000000c5400000|100%| E|CS|TAMS 0x00000000c5300000, 0x00000000c5300000| Complete 
|  62|0x00000000c5400000, 0x00000000c5500000, 0x00000000c5500000|100%| E|CS|TAMS 0x00000000c5400000, 0x00000000c5400000| Complete 
|  63|0x00000000c5500000, 0x00000000c5600000, 0x00000000c5600000|100%| E|  |TAMS 0x00000000c5500000, 0x00000000c5500000| Complete 
|  64|0x00000000c5600000, 0x00000000c5700000, 0x00000000c5700000|100%| E|CS|TAMS 0x00000000c5600000, 0x00000000c5600000| Complete 
|  65|0x00000000c5700000, 0x00000000c5800000, 0x00000000c5800000|100%| E|CS|TAMS 0x00000000c5700000, 0x00000000c5700000| Complete 
|  66|0x00000000c5800000, 0x00000000c5900000, 0x00000000c5900000|100%| E|CS|TAMS 0x00000000c5800000, 0x00000000c5800000| Complete 
|  67|0x00000000c5900000, 0x00000000c5a00000, 0x00000000c5a00000|100%| E|CS|TAMS 0x00000000c5900000, 0x00000000c5900000| Complete 
|  68|0x00000000c5a00000, 0x00000000c5b00000, 0x00000000c5b00000|100%| E|CS|TAMS 0x00000000c5a00000, 0x00000000c5a00000| Complete 
|  69|0x00000000c5b00000, 0x00000000c5c00000, 0x00000000c5c00000|100%| E|CS|TAMS 0x00000000c5b00000, 0x00000000c5b00000| Complete 
|  70|0x00000000c5c00000, 0x00000000c5d00000, 0x00000000c5d00000|100%| E|CS|TAMS 0x00000000c5c00000, 0x00000000c5c00000| Complete 
|  71|0x00000000c5d00000, 0x00000000c5e00000, 0x00000000c5e00000|100%| E|CS|TAMS 0x00000000c5d00000, 0x00000000c5d00000| Complete 
|  72|0x00000000c5e00000, 0x00000000c5f00000, 0x00000000c5f00000|100%| E|CS|TAMS 0x00000000c5e00000, 0x00000000c5e00000| Complete 
|  73|0x00000000c5f00000, 0x00000000c6000000, 0x00000000c6000000|100%| E|CS|TAMS 0x00000000c5f00000, 0x00000000c5f00000| Complete 
|  74|0x00000000c6000000, 0x00000000c6100000, 0x00000000c6100000|100%| E|CS|TAMS 0x00000000c6000000, 0x00000000c6000000| Complete 
|  75|0x00000000c6100000, 0x00000000c6200000, 0x00000000c6200000|100%| E|CS|TAMS 0x00000000c6100000, 0x00000000c6100000| Complete 
|  76|0x00000000c6200000, 0x00000000c6300000, 0x00000000c6300000|100%| E|CS|TAMS 0x00000000c6200000, 0x00000000c6200000| Complete 
|  77|0x00000000c6300000, 0x00000000c6400000, 0x00000000c6400000|100%| E|CS|TAMS 0x00000000c6300000, 0x00000000c6300000| Complete 
|  78|0x00000000c6400000, 0x00000000c6500000, 0x00000000c6500000|100%| E|CS|TAMS 0x00000000c6400000, 0x00000000c6400000| Complete 
|  79|0x00000000c6500000, 0x00000000c6600000, 0x00000000c6600000|100%| E|CS|TAMS 0x00000000c6500000, 0x00000000c6500000| Complete 
|  80|0x00000000c6600000, 0x00000000c6700000, 0x00000000c6700000|100%| E|CS|TAMS 0x00000000c6600000, 0x00000000c6600000| Complete 
|  81|0x00000000c6700000, 0x00000000c6800000, 0x00000000c6800000|100%| E|CS|TAMS 0x00000000c6700000, 0x00000000c6700000| Complete 
|  82|0x00000000c6800000, 0x00000000c6900000, 0x00000000c6900000|100%| E|CS|TAMS 0x00000000c6800000, 0x00000000c6800000| Complete 
|  83|0x00000000c6900000, 0x00000000c6a00000, 0x00000000c6a00000|100%| E|CS|TAMS 0x00000000c6900000, 0x00000000c6900000| Complete 
|  84|0x00000000c6a00000, 0x00000000c6b00000, 0x00000000c6b00000|100%| E|CS|TAMS 0x00000000c6a00000, 0x00000000c6a00000| Complete 
|  85|0x00000000c6b00000, 0x00000000c6c00000, 0x00000000c6c00000|100%| E|CS|TAMS 0x00000000c6b00000, 0x00000000c6b00000| Complete 
|  86|0x00000000c6c00000, 0x00000000c6d00000, 0x00000000c6d00000|100%| E|CS|TAMS 0x00000000c6c00000, 0x00000000c6c00000| Complete 

Card table byte_map: [0x000002957dd50000,0x000002957df50000] _byte_map_base: 0x000002957d745000

Marking Bits (Prev, Next): (CMBitMap*) 0x000002957daeffe0, (CMBitMap*) 0x000002957daeffa0
 Prev Bits: [0x0000029516ac0000, 0x0000029517a68000)
 Next Bits: [0x000002957e150000, 0x000002957f0f8000)

Polling page: 0x000002957bc40000

Metaspace:

Usage:
  Non-class:     75.14 MB used.
      Class:     12.08 MB used.
       Both:     87.22 MB used.

Virtual space:
  Non-class space:      128.00 MB reserved,      75.50 MB ( 59%) committed,  2 nodes.
      Class space:        1.00 GB reserved,      12.38 MB (  1%) committed,  1 nodes.
             Both:        1.12 GB reserved,      87.88 MB (  8%) committed. 

Chunk freelists:
   Non-Class:  4.36 MB
       Class:  3.67 MB
        Both:  8.03 MB

MaxMetaspaceSize: unlimited
CompressedClassSpaceSize: 1.00 GB
Initial GC threshold: 21.00 MB
Current GC threshold: 98.75 MB
CDS: on
MetaspaceReclaimPolicy: balanced
 - commit_granule_bytes: 65536.
 - commit_granule_words: 8192.
 - virtual_space_node_default_size: 8388608.
 - enlarge_chunks_in_place: 1.
 - new_chunks_are_fully_committed: 0.
 - uncommit_free_chunks: 1.
 - use_allocation_guard: 0.
 - handle_deallocations: 1.


Internal statistics:

num_allocs_failed_limit: 9.
num_arena_births: 910.
num_arena_deaths: 0.
num_vsnodes_births: 3.
num_vsnodes_deaths: 0.
num_space_committed: 1406.
num_space_uncommitted: 0.
num_chunks_returned_to_freelist: 9.
num_chunks_taken_from_freelist: 4032.
num_chunk_merges: 9.
num_chunk_splits: 2962.
num_chunks_enlarged: 2376.
num_inconsistent_stats: 0.

CodeHeap 'non-profiled nmethods': size=120000Kb used=3744Kb max_used=3744Kb free=116255Kb
 bounds [0x000002950f590000, 0x000002950f940000, 0x0000029516ac0000]
CodeHeap 'profiled nmethods': size=120000Kb used=12992Kb max_used=12992Kb free=107007Kb
 bounds [0x0000029507ac0000, 0x0000029508780000, 0x000002950eff0000]
CodeHeap 'non-nmethods': size=5760Kb used=1395Kb max_used=1445Kb free=4364Kb
 bounds [0x000002950eff0000, 0x000002950f260000, 0x000002950f590000]
 total_blobs=7870 nmethods=7134 adapters=647
 compilation: enabled
              stopped_count=0, restarted_count=0
 full_count=0

Compilation events (20 events):
Event: 32.865 Thread 0x000002957f5a4540 8016       2       org.antlr.v4.runtime.atn.ParserATNSimulator::getUniqueAlt (53 bytes)
Event: 32.866 Thread 0x000002957f5a4540 nmethod 8016 0x0000029508766210 code [0x00000295087663e0, 0x0000029508766708]
Event: 32.884 Thread 0x000002957f5a4540 8018       2       org.antlr.v4.runtime.atn.ATNConfigSet::<init> (6 bytes)
Event: 32.884 Thread 0x000002957f5a4540 nmethod 8018 0x0000029508766910 code [0x0000029508766ac0, 0x0000029508766be8]
Event: 32.891 Thread 0x000002957f5a4540 8020       2       org.antlr.v4.runtime.atn.ATNConfig::<init> (26 bytes)
Event: 32.891 Thread 0x000002957f5a4540 nmethod 8020 0x0000029508766c90 code [0x0000029508766e40, 0x0000029508767058]
Event: 32.963 Thread 0x000002957f5a4540 8021       3       java.lang.AbstractStringBuilder::append (45 bytes)
Event: 32.963 Thread 0x000002957f5a4540 nmethod 8021 0x0000029508767110 code [0x0000029508767300, 0x0000029508767628]
Event: 32.970 Thread 0x000002957f5a4540 8022       2       org.springframework.data.util.Streamable::stream (11 bytes)
Event: 32.971 Thread 0x000002957f5a4540 nmethod 8022 0x0000029508767790 code [0x0000029508767940, 0x0000029508767a98]
Event: 32.972 Thread 0x000002957f5a4540 8023       1       org.springframework.data.jpa.repository.query.QueryTokens$SimpleQueryToken::isEmpty (2 bytes)
Event: 32.972 Thread 0x000002957f5a4540 nmethod 8023 0x000002950f92df10 code [0x000002950f92e0a0, 0x000002950f92e178]
Event: 32.998 Thread 0x000002957f5a4540 8024 %     3       org.antlr.v4.runtime.atn.ATNDeserializer::decodeIntsEncodedAs16BitWords @ 10 (115 bytes)
Event: 32.999 Thread 0x000002957f5a4540 nmethod 8024% 0x0000029508767b90 code [0x0000029508767d80, 0x0000029508768288]
Event: 33.003 Thread 0x000002957f5a4540 8025       2       org.antlr.v4.runtime.misc.Interval::of (54 bytes)
Event: 33.003 Thread 0x000002957f5a4540 nmethod 8025 0x0000029508768510 code [0x00000295087686c0, 0x0000029508768a18]
Event: 33.003 Thread 0x000002957f5a4540 8026       2       org.antlr.v4.runtime.atn.SetTransition::<init> (20 bytes)
Event: 33.004 Thread 0x000002957f5a4540 nmethod 8026 0x0000029508768b90 code [0x0000029508768d80, 0x0000029508769268]
Event: 33.033 Thread 0x000002957f5912d0 nmethod 7939 0x000002950f92e210 code [0x000002950f92e680, 0x000002950f935468]
Event: 33.033 Thread 0x000002957f5912d0 8004       4       org.antlr.v4.runtime.atn.ParserATNSimulator::closure_ (343 bytes)

GC Heap History (20 events):
Event: 12.853 GC heap before
{Heap before GC invocations=10 (full 0):
 garbage-first heap   total 55296K, used 36138K [0x00000000c1600000, 0x0000000100000000)
  region size 1024K, 20 young (20480K), 2 survivors (2048K)
 Metaspace       used 35693K, committed 36096K, reserved 1114112K
  class space    used 4574K, committed 4800K, reserved 1048576K
}
Event: 12.863 GC heap after
{Heap after GC invocations=11 (full 0):
 garbage-first heap   total 55296K, used 21067K [0x00000000c1600000, 0x0000000100000000)
  region size 1024K, 2 young (2048K), 2 survivors (2048K)
 Metaspace       used 35693K, committed 36096K, reserved 1114112K
  class space    used 4574K, committed 4800K, reserved 1048576K
}
Event: 13.799 GC heap before
{Heap before GC invocations=12 (full 0):
 garbage-first heap   total 55296K, used 41547K [0x00000000c1600000, 0x0000000100000000)
  region size 1024K, 22 young (22528K), 2 survivors (2048K)
 Metaspace       used 38646K, committed 39168K, reserved 1114112K
  class space    used 5002K, committed 5248K, reserved 1048576K
}
Event: 13.810 GC heap after
{Heap after GC invocations=13 (full 0):
 garbage-first heap   total 55296K, used 22732K [0x00000000c1600000, 0x0000000100000000)
  region size 1024K, 3 young (3072K), 3 survivors (3072K)
 Metaspace       used 38646K, committed 39168K, reserved 1114112K
  class space    used 5002K, committed 5248K, reserved 1048576K
}
Event: 14.677 GC heap before
{Heap before GC invocations=13 (full 0):
 garbage-first heap   total 55296K, used 42188K [0x00000000c1600000, 0x0000000100000000)
  region size 1024K, 22 young (22528K), 3 survivors (3072K)
 Metaspace       used 42040K, committed 42496K, reserved 1114112K
  class space    used 5445K, committed 5632K, reserved 1048576K
}
Event: 14.692 GC heap after
{Heap after GC invocations=14 (full 0):
 garbage-first heap   total 55296K, used 24616K [0x00000000c1600000, 0x0000000100000000)
  region size 1024K, 2 young (2048K), 2 survivors (2048K)
 Metaspace       used 42040K, committed 42496K, reserved 1114112K
  class space    used 5445K, committed 5632K, reserved 1048576K
}
Event: 15.683 GC heap before
{Heap before GC invocations=14 (full 0):
 garbage-first heap   total 55296K, used 41000K [0x00000000c1600000, 0x0000000100000000)
  region size 1024K, 19 young (19456K), 2 survivors (2048K)
 Metaspace       used 45524K, committed 46080K, reserved 1114112K
  class space    used 5884K, committed 6144K, reserved 1048576K
}
Event: 15.696 GC heap after
{Heap after GC invocations=15 (full 0):
 garbage-first heap   total 89088K, used 26036K [0x00000000c1600000, 0x0000000100000000)
  region size 1024K, 2 young (2048K), 2 survivors (2048K)
 Metaspace       used 45524K, committed 46080K, reserved 1114112K
  class space    used 5884K, committed 6144K, reserved 1048576K
}
Event: 19.206 GC heap before
{Heap before GC invocations=15 (full 0):
 garbage-first heap   total 89088K, used 69044K [0x00000000c1600000, 0x0000000100000000)
  region size 1024K, 44 young (45056K), 2 survivors (2048K)
 Metaspace       used 58886K, committed 59392K, reserved 1114112K
  class space    used 7875K, committed 8128K, reserved 1048576K
}
Event: 19.226 GC heap after
{Heap after GC invocations=16 (full 0):
 garbage-first heap   total 89088K, used 29690K [0x00000000c1600000, 0x0000000100000000)
  region size 1024K, 5 young (5120K), 5 survivors (5120K)
 Metaspace       used 58886K, committed 59392K, reserved 1114112K
  class space    used 7875K, committed 8128K, reserved 1048576K
}
Event: 19.676 GC heap before
{Heap before GC invocations=16 (full 0):
 garbage-first heap   total 89088K, used 33786K [0x00000000c1600000, 0x0000000100000000)
  region size 1024K, 10 young (10240K), 5 survivors (5120K)
 Metaspace       used 59953K, committed 60416K, reserved 1114112K
  class space    used 8000K, committed 8256K, reserved 1048576K
}
Event: 19.692 GC heap after
{Heap after GC invocations=17 (full 0):
 garbage-first heap   total 89088K, used 30259K [0x00000000c1600000, 0x0000000100000000)
  region size 1024K, 1 young (1024K), 1 survivors (1024K)
 Metaspace       used 59953K, committed 60416K, reserved 1114112K
  class space    used 8000K, committed 8256K, reserved 1048576K
}
Event: 21.750 GC heap before
{Heap before GC invocations=18 (full 0):
 garbage-first heap   total 89088K, used 68147K [0x00000000c1600000, 0x0000000100000000)
  region size 1024K, 39 young (39936K), 1 survivors (1024K)
 Metaspace       used 67638K, committed 68160K, reserved 1114112K
  class space    used 8977K, committed 9216K, reserved 1048576K
}
Event: 21.760 GC heap after
{Heap after GC invocations=19 (full 0):
 garbage-first heap   total 89088K, used 31867K [0x00000000c1600000, 0x0000000100000000)
  region size 1024K, 3 young (3072K), 3 survivors (3072K)
 Metaspace       used 67638K, committed 68160K, reserved 1114112K
  class space    used 8977K, committed 9216K, reserved 1048576K
}
Event: 23.992 GC heap before
{Heap before GC invocations=19 (full 0):
 garbage-first heap   total 89088K, used 70779K [0x00000000c1600000, 0x0000000100000000)
  region size 1024K, 41 young (41984K), 3 survivors (3072K)
 Metaspace       used 75456K, committed 76032K, reserved 1179648K
  class space    used 10245K, committed 10496K, reserved 1048576K
}
Event: 24.005 GC heap after
{Heap after GC invocations=20 (full 0):
 garbage-first heap   total 89088K, used 33148K [0x00000000c1600000, 0x0000000100000000)
  region size 1024K, 4 young (4096K), 4 survivors (4096K)
 Metaspace       used 75456K, committed 76032K, reserved 1179648K
  class space    used 10245K, committed 10496K, reserved 1048576K
}
Event: 26.498 GC heap before
{Heap before GC invocations=20 (full 0):
 garbage-first heap   total 89088K, used 72060K [0x00000000c1600000, 0x0000000100000000)
  region size 1024K, 42 young (43008K), 4 survivors (4096K)
 Metaspace       used 81440K, committed 82048K, reserved 1179648K
  class space    used 11057K, committed 11392K, reserved 1048576K
}
Event: 26.512 GC heap after
{Heap after GC invocations=21 (full 0):
 garbage-first heap   total 89088K, used 36879K [0x00000000c1600000, 0x0000000100000000)
  region size 1024K, 5 young (5120K), 5 survivors (5120K)
 Metaspace       used 81440K, committed 82048K, reserved 1179648K
  class space    used 11057K, committed 11392K, reserved 1048576K
}
Event: 32.021 GC heap before
{Heap before GC invocations=21 (full 0):
 garbage-first heap   total 89088K, used 70671K [0x00000000c1600000, 0x0000000100000000)
  region size 1024K, 39 young (39936K), 5 survivors (5120K)
 Metaspace       used 87387K, committed 88000K, reserved 1179648K
  class space    used 11945K, committed 12224K, reserved 1048576K
}
Event: 32.039 GC heap after
{Heap after GC invocations=22 (full 0):
 garbage-first heap   total 89088K, used 39624K [0x00000000c1600000, 0x0000000100000000)
  region size 1024K, 3 young (3072K), 3 survivors (3072K)
 Metaspace       used 87387K, committed 88000K, reserved 1179648K
  class space    used 11945K, committed 12224K, reserved 1048576K
}

Dll operation events (12 events):
Event: 0.300 Loaded shared library C:\Users\merlin\.jdks\ms-17.0.17\bin\java.dll
Event: 0.329 Loaded shared library C:\Users\merlin\.jdks\ms-17.0.17\bin\jsvml.dll
Event: 1.773 Loaded shared library C:\Users\merlin\.jdks\ms-17.0.17\bin\zip.dll
Event: 1.783 Loaded shared library C:\Users\merlin\.jdks\ms-17.0.17\bin\instrument.dll
Event: 1.800 Loaded shared library C:\Users\merlin\.jdks\ms-17.0.17\bin\net.dll
Event: 1.808 Loaded shared library C:\Users\merlin\.jdks\ms-17.0.17\bin\nio.dll
Event: 1.815 Loaded shared library C:\Users\merlin\.jdks\ms-17.0.17\bin\zip.dll
Event: 2.821 Loaded shared library C:\Users\merlin\.jdks\ms-17.0.17\bin\extnet.dll
Event: 2.891 Loaded shared library C:\Users\merlin\.jdks\ms-17.0.17\bin\jimage.dll
Event: 6.239 Loaded shared library C:\Users\merlin\.jdks\ms-17.0.17\bin\management.dll
Event: 6.274 Loaded shared library C:\Users\merlin\.jdks\ms-17.0.17\bin\management_ext.dll
Event: 8.055 Loaded shared library C:\Users\merlin\.jdks\ms-17.0.17\bin\sunmscapi.dll

Deoptimization events (20 events):
Event: 32.788 Thread 0x000002957dab2500 Uncommon trap: trap_request=0xffffffde fr.pc=0x000002950f92b3bc relative=0x0000000000000cfc
Event: 32.788 Thread 0x000002957dab2500 Uncommon trap: reason=class_check action=maybe_recompile pc=0x000002950f92b3bc method=org.antlr.v4.runtime.atn.PredictionContext.merge(Lorg/antlr/v4/runtime/atn/PredictionContext;Lorg/antlr/v4/runtime/atn/PredictionContext;ZLorg/antlr/v4/runtime/misc/Doub
Event: 32.788 Thread 0x000002957dab2500 DEOPT PACKING pc=0x000002950f92b3bc sp=0x0000009c4c6f9710
Event: 32.788 Thread 0x000002957dab2500 DEOPT UNPACKING pc=0x000002950f0469a3 sp=0x0000009c4c6f96f0 mode 2
Event: 32.788 Thread 0x000002957dab2500 Uncommon trap: trap_request=0xffffffde fr.pc=0x000002950f92b3bc relative=0x0000000000000cfc
Event: 32.788 Thread 0x000002957dab2500 Uncommon trap: reason=class_check action=maybe_recompile pc=0x000002950f92b3bc method=org.antlr.v4.runtime.atn.PredictionContext.merge(Lorg/antlr/v4/runtime/atn/PredictionContext;Lorg/antlr/v4/runtime/atn/PredictionContext;ZLorg/antlr/v4/runtime/misc/Doub
Event: 32.788 Thread 0x000002957dab2500 DEOPT PACKING pc=0x000002950f92b3bc sp=0x0000009c4c6fa020
Event: 32.788 Thread 0x000002957dab2500 DEOPT UNPACKING pc=0x000002950f0469a3 sp=0x0000009c4c6fa000 mode 2
Event: 32.804 Thread 0x000002957dab2500 Uncommon trap: trap_request=0xffffff45 fr.pc=0x000002950f926054 relative=0x0000000000003794
Event: 32.804 Thread 0x000002957dab2500 Uncommon trap: reason=unstable_if action=reinterpret pc=0x000002950f926054 method=org.antlr.v4.runtime.atn.ATNConfigSet.add(Lorg/antlr/v4/runtime/atn/ATNConfig;Lorg/antlr/v4/runtime/misc/DoubleKeyMap;)Z @ 24 c2
Event: 32.804 Thread 0x000002957dab2500 DEOPT PACKING pc=0x000002950f926054 sp=0x0000009c4c6fb180
Event: 32.804 Thread 0x000002957dab2500 DEOPT UNPACKING pc=0x000002950f0469a3 sp=0x0000009c4c6fb0c8 mode 2
Event: 32.805 Thread 0x000002957dab2500 Uncommon trap: trap_request=0xffffff45 fr.pc=0x000002950f90fe80 relative=0x0000000000000060
Event: 32.805 Thread 0x000002957dab2500 Uncommon trap: reason=unstable_if action=reinterpret pc=0x000002950f90fe80 method=org.antlr.v4.runtime.atn.ATNConfig.isPrecedenceFilterSuppressed()Z @ 7 c2
Event: 32.805 Thread 0x000002957dab2500 DEOPT PACKING pc=0x000002950f90fe80 sp=0x0000009c4c6f8500
Event: 32.805 Thread 0x000002957dab2500 DEOPT UNPACKING pc=0x000002950f0469a3 sp=0x0000009c4c6f8490 mode 2
Event: 32.884 Thread 0x000002957dab2500 Uncommon trap: trap_request=0xffffffde fr.pc=0x000002950f92b3bc relative=0x0000000000000cfc
Event: 32.884 Thread 0x000002957dab2500 Uncommon trap: reason=class_check action=maybe_recompile pc=0x000002950f92b3bc method=org.antlr.v4.runtime.atn.PredictionContext.merge(Lorg/antlr/v4/runtime/atn/PredictionContext;Lorg/antlr/v4/runtime/atn/PredictionContext;ZLorg/antlr/v4/runtime/misc/Doub
Event: 32.884 Thread 0x000002957dab2500 DEOPT PACKING pc=0x000002950f92b3bc sp=0x0000009c4c6fa0f0
Event: 32.884 Thread 0x000002957dab2500 DEOPT UNPACKING pc=0x000002950f0469a3 sp=0x0000009c4c6fa0d0 mode 2

Classes loaded (20 events):
Event: 28.648 Loading class javax/xml/catalog/CatalogFeatures$Feature
Event: 28.648 Loading class javax/xml/catalog/CatalogFeatures$Feature done
Event: 28.649 Loading class com/sun/org/apache/xerces/internal/jaxp/SAXParserFactoryImpl
Event: 28.652 Loading class javax/xml/parsers/SAXParserFactory
Event: 28.657 Loading class javax/xml/parsers/SAXParserFactory done
Event: 28.657 Loading class com/sun/org/apache/xerces/internal/jaxp/SAXParserFactoryImpl done
Event: 28.657 Loading class com/sun/xml/internal/stream/StaxEntityResolverWrapper
Event: 28.659 Loading class com/sun/xml/internal/stream/StaxEntityResolverWrapper done
Event: 28.709 Loading class java/nio/charset/CoderMalfunctionError
Event: 28.725 Loading class java/nio/charset/CoderMalfunctionError done
Event: 29.019 Loading class java/util/regex/Pattern$Behind
Event: 29.035 Loading class java/util/regex/Pattern$Behind done
Event: 29.579 Loading class java/util/regex/Pattern$Bound
Event: 29.609 Loading class java/util/regex/Pattern$Bound done
Event: 29.756 Loading class java/util/EmptyStackException
Event: 29.759 Loading class java/util/EmptyStackException done
Event: 31.256 Loading class java/io/InvalidClassException
Event: 31.281 Loading class java/io/InvalidClassException done
Event: 31.429 Loading class java/util/ArrayList$ListItr
Event: 31.452 Loading class java/util/ArrayList$ListItr done

Classes unloaded (0 events):
No events

Classes redefined (0 events):
No events

Internal exceptions (20 events):
Event: 25.922 Thread 0x000002957dab2500 Exception <a 'java/lang/reflect/InvocationTargetException'{0x00000000c50ff170}> (0x00000000c50ff170) 
thrown [s\src\hotspot\share\runtime\reflection.cpp, line 1128]
Event: 26.055 Thread 0x000002957dab2500 Exception <a 'java/lang/NoSuchMethodError'{0x00000000c4dbb140}: 'long java.lang.invoke.DirectMethodHandle$Holder.invokeVirtual(java.lang.Object, java.lang.Object)'> (0x00000000c4dbb140) 
thrown [s\src\hotspot\share\interpreter\linkResolver.cpp, line 759]
Event: 26.130 Thread 0x000002957dab2500 Exception <a 'java/lang/NoSuchMethodError'{0x00000000c4ce3e60}: 'void java.lang.invoke.DirectMethodHandle$Holder.invokeVirtual(java.lang.Object, java.lang.Object, long)'> (0x00000000c4ce3e60) 
thrown [s\src\hotspot\share\interpreter\linkResolver.cpp, line 759]
Event: 26.412 Thread 0x000002957dab2500 Implicit null exception at 0x000002950f6ef9e4 to 0x000002950f6efaf0
Event: 26.437 Thread 0x000002957dab2500 Exception <a 'java/io/FileNotFoundException'{0x00000000c4877c88}> (0x00000000c4877c88) 
thrown [s\src\hotspot\share\prims\jni.cpp, line 516]
Event: 26.438 Thread 0x000002957dab2500 Exception <a 'java/io/FileNotFoundException'{0x00000000c4884768}> (0x00000000c4884768) 
thrown [s\src\hotspot\share\prims\jni.cpp, line 516]
Event: 26.440 Thread 0x000002957dab2500 Exception <a 'java/io/FileNotFoundException'{0x00000000c4890730}> (0x00000000c4890730) 
thrown [s\src\hotspot\share\prims\jni.cpp, line 516]
Event: 26.441 Thread 0x000002957dab2500 Exception <a 'java/io/FileNotFoundException'{0x00000000c489c6b0}> (0x00000000c489c6b0) 
thrown [s\src\hotspot\share\prims\jni.cpp, line 516]
Event: 26.481 Thread 0x000002957dab2500 Exception <a 'java/lang/NoSuchMethodError'{0x00000000c47bb4a0}: 'int java.lang.invoke.DirectMethodHandle$Holder.invokeStaticInit(java.lang.Object, int, java.lang.Object, java.lang.Object, java.lang.Object, java.lang.Object)'> (0x00000000c47bb4a0) 
thrown [s\src\hotspot\share\interpreter\linkResolver.cpp, line 759]
Event: 26.560 Thread 0x000002957dab2500 Exception <a 'java/lang/reflect/InvocationTargetException'{0x00000000c6b550f8}> (0x00000000c6b550f8) 
thrown [s\src\hotspot\share\runtime\reflection.cpp, line 1128]
Event: 27.051 Thread 0x000002957dab2500 Exception <a 'java/lang/NoSuchMethodError'{0x00000000c680d0a8}: 'boolean java.lang.Thread.isVirtual()'> (0x00000000c680d0a8) 
thrown [s\src\hotspot\share\interpreter\linkResolver.cpp, line 759]
Event: 27.206 Thread 0x000002957dab2500 Exception <a 'java/lang/NoSuchMethodError'{0x00000000c6842290}: 'java.lang.Object java.lang.invoke.DirectMethodHandle$Holder.invokeVirtual(java.lang.Object, java.lang.Object, int, int)'> (0x00000000c6842290) 
thrown [s\src\hotspot\share\interpreter\linkResolver.cpp, line 759]
Event: 27.215 Thread 0x000002957dab2500 Exception <a 'java/lang/NoSuchMethodError'{0x00000000c6868db0}: 'void java.lang.invoke.Invokers$Holder.invokeExact_MT(java.lang.Object, java.lang.Object, java.lang.Object)'> (0x00000000c6868db0) 
thrown [s\src\hotspot\share\interpreter\linkResolver.cpp, line 759]
Event: 27.218 Thread 0x000002957dab2500 Exception <a 'sun/nio/fs/WindowsException'{0x00000000c68703e8}> (0x00000000c68703e8) 
thrown [s\src\hotspot\share\prims\jni.cpp, line 516]
Event: 27.220 Thread 0x000002957dab2500 Exception <a 'sun/nio/fs/WindowsException'{0x00000000c6870ed8}> (0x00000000c6870ed8) 
thrown [s\src\hotspot\share\prims\jni.cpp, line 516]
Event: 27.299 Thread 0x000002957dab2500 Exception <a 'java/lang/NoSuchMethodError'{0x00000000c68943a8}: 'java.lang.Object java.lang.invoke.DirectMethodHandle$Holder.invokeStaticInit(java.lang.Object, java.lang.Object, int)'> (0x00000000c68943a8) 
thrown [s\src\hotspot\share\interpreter\linkResolver.cpp, line 759]
Event: 28.625 Thread 0x000002957dab2500 Exception <a 'java/lang/NoSuchMethodError'{0x00000000c61c8fd8}: 'java.lang.Object java.lang.invoke.DirectMethodHandle$Holder.invokeStaticInit(java.lang.Object, java.lang.Object, java.lang.Object, java.lang.Object, java.lang.Object)'> (0x00000000c61c8fd8) 
thrown [s\src\hotspot\share\interpreter\linkResolver.cpp, line 759]
Event: 29.018 Thread 0x000002957dab2500 Exception <a 'java/lang/reflect/InvocationTargetException'{0x00000000c5e5b8c8}> (0x00000000c5e5b8c8) 
thrown [s\src\hotspot\share\runtime\reflection.cpp, line 1128]
Event: 29.043 Thread 0x000002957dab2500 Exception <a 'java/lang/reflect/InvocationTargetException'{0x00000000c5e86a70}> (0x00000000c5e86a70) 
thrown [s\src\hotspot\share\runtime\reflection.cpp, line 1128]
Event: 29.617 Thread 0x000002957dab2500 Exception <a 'java/lang/IncompatibleClassChangeError'{0x00000000c5d10be8}: Found class java.lang.Object, but interface was expected> (0x00000000c5d10be8) 
thrown [s\src\hotspot\share\interpreter\linkResolver.cpp, line 826]

VM Operations (20 events):
Event: 26.494 Executing VM operation: G1CollectForAllocation
Event: 26.512 Executing VM operation: G1CollectForAllocation done
Event: 27.512 Executing VM operation: Cleanup
Event: 27.512 Executing VM operation: Cleanup done
Event: 28.513 Executing VM operation: Cleanup
Event: 28.513 Executing VM operation: Cleanup done
Event: 29.513 Executing VM operation: Cleanup
Event: 29.513 Executing VM operation: Cleanup done
Event: 31.453 Executing VM operation: HandshakeAllThreads
Event: 31.453 Executing VM operation: HandshakeAllThreads done
Event: 31.454 Executing VM operation: Cleanup
Event: 31.454 Executing VM operation: Cleanup done
Event: 31.463 Executing VM operation: HandshakeAllThreads
Event: 31.463 Executing VM operation: HandshakeAllThreads done
Event: 32.021 Executing VM operation: G1CollectForAllocation
Event: 32.039 Executing VM operation: G1CollectForAllocation done
Event: 32.803 Executing VM operation: HandshakeAllThreads
Event: 32.804 Executing VM operation: HandshakeAllThreads done
Event: 33.804 Executing VM operation: Cleanup
Event: 33.804 Executing VM operation: Cleanup done

Memory protections (0 events):
No events

Nmethod flushes (20 events):
Event: 23.262 Thread 0x000002957f5a6600 flushing  nmethod 0x0000029508652d10
Event: 23.262 Thread 0x000002957f5a6600 flushing  nmethod 0x0000029508653190
Event: 23.262 Thread 0x000002957f5a6600 flushing  nmethod 0x0000029508654110
Event: 23.262 Thread 0x000002957f5a6600 flushing  nmethod 0x0000029508656190
Event: 23.262 Thread 0x000002957f5a6600 flushing  nmethod 0x0000029508656510
Event: 23.262 Thread 0x000002957f5a6600 flushing  nmethod 0x0000029508656b10
Event: 23.262 Thread 0x000002957f5a6600 flushing  nmethod 0x0000029508657a10
Event: 23.262 Thread 0x000002957f5a6600 flushing  nmethod 0x0000029508658b10
Event: 23.262 Thread 0x000002957f5a6600 flushing  nmethod 0x0000029508659f90
Event: 23.262 Thread 0x000002957f5a6600 flushing  nmethod 0x000002950865a910
Event: 23.262 Thread 0x000002957f5a6600 flushing  nmethod 0x000002950865b010
Event: 23.262 Thread 0x000002957f5a6600 flushing  nmethod 0x000002950865b790
Event: 23.262 Thread 0x000002957f5a6600 flushing  nmethod 0x000002950865d090
Event: 23.262 Thread 0x000002957f5a6600 flushing  nmethod 0x000002950865d490
Event: 23.262 Thread 0x000002957f5a6600 flushing  nmethod 0x000002950865de90
Event: 23.262 Thread 0x000002957f5a6600 flushing  nmethod 0x0000029508662e90
Event: 23.262 Thread 0x000002957f5a6600 flushing  nmethod 0x0000029508664210
Event: 23.262 Thread 0x000002957f5a6600 flushing  nmethod 0x0000029508669810
Event: 23.262 Thread 0x000002957f5a6600 flushing  nmethod 0x000002950866a810
Event: 23.262 Thread 0x000002957f5a6600 flushing  nmethod 0x0000029508673290

Events (20 events):
Event: 1.731 Thread 0x000002957dab2500 Thread added: 0x000002957f562190
Event: 2.774 Thread 0x000002957dab2500 Thread added: 0x0000029519c80540
Event: 2.774 Thread 0x000002957dab2500 Thread added: 0x0000029519d5e8b0
Event: 5.712 Thread 0x000002957dab2500 Thread added: 0x000002955ffb57c0
Event: 6.860 Thread 0x000002957f58d1a0 Thread added: 0x0000029560a3b010
Event: 8.481 Thread 0x0000029560a3b010 Thread added: 0x0000029519adf040
Event: 8.661 Thread 0x0000029519adf040 Thread added: 0x000002956044cfd0
Event: 8.709 Thread 0x0000029519adf040 Thread added: 0x00000295609ed480
Event: 10.464 Thread 0x000002957dab2500 Thread added: 0x00000295600744a0
Event: 10.499 Thread 0x0000029560a3b010 Thread added: 0x0000029560076810
Event: 10.590 Thread 0x00000295600744a0 Thread exited: 0x00000295600744a0
Event: 10.887 Thread 0x000002955ffb57c0 Thread exited: 0x000002955ffb57c0
Event: 15.025 Thread 0x000002957dab2500 Thread added: 0x0000029560502870
Event: 19.273 Thread 0x000002957dab2500 Thread added: 0x00000295605037a0
Event: 19.381 Thread 0x00000295605037a0 Thread added: 0x0000029560503290
Event: 25.546 Thread 0x0000029560503290 Thread exited: 0x0000029560503290
Event: 26.089 Thread 0x000002957dab2500 Thread added: 0x0000029560503290
Event: 26.093 Thread 0x000002957dab2500 Thread added: 0x00000295605041c0
Event: 26.100 Thread 0x000002957dab2500 Thread added: 0x0000029560502360
Event: 31.909 Thread 0x000002957f5912d0 Thread added: 0x0000029519b9d3a0


Dynamic libraries:
0x00007ff6f97e0000 - 0x00007ff6f97ee000 	C:\Users\merlin\.jdks\ms-17.0.17\bin\java.exe
0x00007ffa930a0000 - 0x00007ffa93308000 	C:\WINDOWS\SYSTEM32\ntdll.dll
0x00007ffa91cf0000 - 0x00007ffa91db9000 	C:\WINDOWS\System32\KERNEL32.DLL
0x00007ffa901f0000 - 0x00007ffa905dd000 	C:\WINDOWS\System32\KERNELBASE.dll
0x00007ffa90a30000 - 0x00007ffa90b7b000 	C:\WINDOWS\System32\ucrtbase.dll
0x00007ffa8d100000 - 0x00007ffa8d118000 	C:\Users\merlin\.jdks\ms-17.0.17\bin\jli.dll
0x00007ffa92670000 - 0x00007ffa9283c000 	C:\WINDOWS\System32\USER32.dll
0x00007ffa90a00000 - 0x00007ffa90a27000 	C:\WINDOWS\System32\win32u.dll
0x00007ffa86b70000 - 0x00007ffa86b8e000 	C:\Users\merlin\.jdks\ms-17.0.17\bin\VCRUNTIME140.dll
0x00007ffa92d40000 - 0x00007ffa92d6b000 	C:\WINDOWS\System32\GDI32.dll
0x00007ffa90d00000 - 0x00007ffa90e37000 	C:\WINDOWS\System32\gdi32full.dll
0x00007ffa80060000 - 0x00007ffa802fa000 	C:\WINDOWS\WinSxS\amd64_microsoft.windows.common-controls_6595b64144ccf1df_6.0.26100.4484_none_3e0e6d4ce32ef3b3\COMCTL32.dll
0x00007ffa90670000 - 0x00007ffa90713000 	C:\WINDOWS\System32\msvcp_win.dll
0x00007ffa91c40000 - 0x00007ffa91ce9000 	C:\WINDOWS\System32\msvcrt.dll
0x00007ffa92aa0000 - 0x00007ffa92acf000 	C:\WINDOWS\System32\IMM32.DLL
0x00007ffa8b0f0000 - 0x00007ffa8b0fc000 	C:\Users\merlin\.jdks\ms-17.0.17\bin\vcruntime140_1.dll
0x00007ffa6d060000 - 0x00007ffa6d0e9000 	C:\Users\merlin\.jdks\ms-17.0.17\bin\msvcp140.dll
0x00007ffa09c80000 - 0x00007ffa0a8fa000 	C:\Users\merlin\.jdks\ms-17.0.17\bin\server\jvm.dll
0x00007ffa92840000 - 0x00007ffa928f4000 	C:\WINDOWS\System32\ADVAPI32.dll
0x00007ffa91ff0000 - 0x00007ffa92096000 	C:\WINDOWS\System32\sechost.dll
0x00007ffa91ec0000 - 0x00007ffa91fd8000 	C:\WINDOWS\System32\RPCRT4.dll
0x00007ffa91e40000 - 0x00007ffa91eb4000 	C:\WINDOWS\System32\WS2_32.dll
0x00007ffa90040000 - 0x00007ffa9009e000 	C:\WINDOWS\SYSTEM32\POWRPROF.dll
0x00007ffa7b0b0000 - 0x00007ffa7b0e5000 	C:\WINDOWS\SYSTEM32\WINMM.dll
0x00007ffa7b2c0000 - 0x00007ffa7b2cb000 	C:\WINDOWS\SYSTEM32\VERSION.dll
0x00007ffa90020000 - 0x00007ffa90034000 	C:\WINDOWS\SYSTEM32\UMPDC.dll
0x00007ffa8ef50000 - 0x00007ffa8ef6b000 	C:\WINDOWS\SYSTEM32\kernel.appcore.dll
0x00007ffa88920000 - 0x00007ffa8892a000 	C:\Users\merlin\.jdks\ms-17.0.17\bin\jimage.dll
0x00007ffa7b2e0000 - 0x00007ffa7b521000 	C:\WINDOWS\SYSTEM32\DBGHELP.DLL
0x00007ffa92130000 - 0x00007ffa924b6000 	C:\WINDOWS\System32\combase.dll
0x00007ffa92ae0000 - 0x00007ffa92bc0000 	C:\WINDOWS\System32\OLEAUT32.dll
0x00007ffa78ed0000 - 0x00007ffa78f13000 	C:\WINDOWS\SYSTEM32\dbgcore.DLL
0x00007ffa907e0000 - 0x00007ffa90879000 	C:\WINDOWS\System32\bcryptPrimitives.dll
0x00007ffa86b60000 - 0x00007ffa86b6f000 	C:\Users\merlin\.jdks\ms-17.0.17\bin\instrument.dll
0x00007ffa86b30000 - 0x00007ffa86b56000 	C:\Users\merlin\.jdks\ms-17.0.17\bin\java.dll
0x00007ffa6cf80000 - 0x00007ffa6d056000 	C:\Users\merlin\.jdks\ms-17.0.17\bin\jsvml.dll
0x00007ffa91000000 - 0x00007ffa9174a000 	C:\WINDOWS\System32\SHELL32.dll
0x00007ffa90b80000 - 0x00007ffa90cf4000 	C:\WINDOWS\System32\wintypes.dll
0x00007ffa8de10000 - 0x00007ffa8e66b000 	C:\WINDOWS\SYSTEM32\windows.storage.dll
0x00007ffa90f00000 - 0x00007ffa90ff5000 	C:\WINDOWS\System32\SHCORE.dll
0x00007ffa92900000 - 0x00007ffa9296a000 	C:\WINDOWS\System32\shlwapi.dll
0x00007ffa90100000 - 0x00007ffa9012f000 	C:\WINDOWS\SYSTEM32\profapi.dll
0x00007ffa84fc0000 - 0x00007ffa84fd8000 	C:\Users\merlin\.jdks\ms-17.0.17\bin\zip.dll
0x00007ffa86b10000 - 0x00007ffa86b2b000 	C:\Users\merlin\.jdks\ms-17.0.17\bin\net.dll
0x00007ffa86f90000 - 0x00007ffa870ae000 	C:\WINDOWS\SYSTEM32\WINHTTP.dll
0x00007ffa8f4c0000 - 0x00007ffa8f52a000 	C:\WINDOWS\system32\mswsock.dll
0x00007ffa84b20000 - 0x00007ffa84b36000 	C:\Users\merlin\.jdks\ms-17.0.17\bin\nio.dll
0x00007ffa86b00000 - 0x00007ffa86b09000 	C:\Users\merlin\.jdks\ms-17.0.17\bin\extnet.dll
0x00007ffa8e9f0000 - 0x00007ffa8eb16000 	C:\WINDOWS\SYSTEM32\DNSAPI.dll
0x00007ffa8e960000 - 0x00007ffa8e993000 	C:\WINDOWS\SYSTEM32\IPHLPAPI.DLL
0x00007ffa90ef0000 - 0x00007ffa90efa000 	C:\WINDOWS\System32\NSI.dll
0x00007ffa88850000 - 0x00007ffa8885b000 	C:\Windows\System32\rasadhlp.dll
0x00007ffa85290000 - 0x00007ffa85316000 	C:\WINDOWS\System32\fwpuclnt.dll
0x00007ffa84b10000 - 0x00007ffa84b1a000 	C:\Users\merlin\.jdks\ms-17.0.17\bin\management.dll
0x00007ffa7f5e0000 - 0x00007ffa7f5ec000 	C:\Users\merlin\.jdks\ms-17.0.17\bin\management_ext.dll
0x00007ffa91fe0000 - 0x00007ffa91fe8000 	C:\WINDOWS\System32\PSAPI.DLL
0x00007ffa8f8a0000 - 0x00007ffa8f8bb000 	C:\WINDOWS\SYSTEM32\CRYPTSP.dll
0x00007ffa8eeb0000 - 0x00007ffa8eeeb000 	C:\WINDOWS\system32\rsaenh.dll
0x00007ffa8f560000 - 0x00007ffa8f58b000 	C:\WINDOWS\SYSTEM32\USERENV.dll
0x00007ffa900d0000 - 0x00007ffa900f6000 	C:\WINDOWS\SYSTEM32\bcrypt.dll
0x00007ffa8f700000 - 0x00007ffa8f70c000 	C:\WINDOWS\SYSTEM32\CRYPTBASE.dll
0x00007ffa86ed0000 - 0x00007ffa86eef000 	C:\WINDOWS\SYSTEM32\dhcpcsvc6.DLL
0x00007ffa86a80000 - 0x00007ffa86aa5000 	C:\WINDOWS\SYSTEM32\dhcpcsvc.DLL
0x00007ffa787c0000 - 0x00007ffa787d8000 	C:\WINDOWS\system32\napinsp.dll
0x00007ffa787a0000 - 0x00007ffa787b2000 	C:\WINDOWS\System32\winrnr.dll
0x00007ffa78760000 - 0x00007ffa78790000 	C:\WINDOWS\system32\nlansp_c.dll
0x00007ffa85860000 - 0x00007ffa85880000 	C:\WINDOWS\system32\wshbth.dll
0x00007ffa84db0000 - 0x00007ffa84dbe000 	C:\Users\merlin\.jdks\ms-17.0.17\bin\sunmscapi.dll
0x00007ffa90880000 - 0x00007ffa909f7000 	C:\WINDOWS\System32\CRYPT32.dll
0x00007ffa8f9f0000 - 0x00007ffa8fa20000 	C:\WINDOWS\SYSTEM32\ncrypt.dll
0x00007ffa8f9a0000 - 0x00007ffa8f9df000 	C:\WINDOWS\SYSTEM32\NTASN1.dll
0x00007ffa86c10000 - 0x00007ffa86c5e000 	C:\WINDOWS\SYSTEM32\pdh.dll
0x00007ffa77870000 - 0x00007ffa77882000 	C:\WINDOWS\System32\perfproc.dll
0x00007ffa873c0000 - 0x00007ffa873d1000 	C:\WINDOWS\System32\perfos.dll
0x00007ffa8d540000 - 0x00007ffa8d552000 	C:\WINDOWS\SYSTEM32\pfclient.dll

dbghelp: loaded successfully - version: 4.0.5 - missing functions: none
symbol engine: initialized successfully - sym options: 0x614 - pdb path: .;C:\Users\merlin\.jdks\ms-17.0.17\bin;C:\WINDOWS\SYSTEM32;C:\WINDOWS\WinSxS\amd64_microsoft.windows.common-controls_6595b64144ccf1df_6.0.26100.4484_none_3e0e6d4ce32ef3b3;C:\Users\merlin\.jdks\ms-17.0.17\bin\server

VM Arguments:
jvm_args: -javaagent:C:\Java\IntelliJ IDEA 2025.2\lib\idea_rt.jar=58687 -Dfile.encoding=UTF-8 
java_command: com.Merlin.Inventory.Management.System.InventoryManagementSystemApplication
java_class_path (initial): C:\INVENTORY MANAGMENT SYSTEM\Inventory-Management-System\target\classes;C:\Users\merlin\.m2\repository\org\springframework\boot\spring-boot-starter-data-jpa\4.0.3\spring-boot-starter-data-jpa-4.0.3.jar;C:\Users\merlin\.m2\repository\org\springframework\boot\spring-boot-starter\4.0.3\spring-boot-starter-4.0.3.jar;C:\Users\merlin\.m2\repository\org\springframework\boot\spring-boot-starter-logging\4.0.3\spring-boot-starter-logging-4.0.3.jar;C:\Users\merlin\.m2\repository\ch\qos\logback\logback-classic\1.5.32\logback-classic-1.5.32.jar;C:\Users\merlin\.m2\repository\ch\qos\logback\logback-core\1.5.32\logback-core-1.5.32.jar;C:\Users\merlin\.m2\repository\org\apache\logging\log4j\log4j-to-slf4j\2.25.3\log4j-to-slf4j-2.25.3.jar;C:\Users\merlin\.m2\repository\org\apache\logging\log4j\log4j-api\2.25.3\log4j-api-2.25.3.jar;C:\Users\merlin\.m2\repository\org\slf4j\jul-to-slf4j\2.0.17\jul-to-slf4j-2.0.17.jar;C:\Users\merlin\.m2\repository\jakarta\annotation\jakarta.annotation-api\3.0.0\jakarta.annotation-api-3.0.0.jar;C:\Users\merlin\.m2\repository\org\yaml\snakeyaml\2.5\snakeyaml-2.5.jar;C:\Users\merlin\.m2\repository\org\springframework\boot\spring-boot-starter-jdbc\4.0.3\spring-boot-starter-jdbc-4.0.3.jar;C:\Users\merlin\.m2\repository\com\zaxxer\HikariCP\7.0.2\HikariCP-7.0.2.jar;C:\Users\merlin\.m2\repository\org\springframework\boot\spring-boot-data-jpa\4.0.3\spring-boot-data-jpa-4.0.3.jar;C:\Users\merlin\.m2\repository\org\springframework\boot\spring-boot-data-commons\4.0.3\spring-boot-data-commons-4.0.3.jar;C:\Users\merlin\.m2\repository\org\springframework\boot\spring-boot-persistence\4.0.3\spring-boot-persistence-4.0.3.jar;C:\Users\merlin\.m2\repository\org\springframework\data\spring-data-commons\4.0.3\spring-data-commons-4.0.3.jar;C:\Users\merlin\.m2\repository\org\springframework\boot\spring-boot-hibernate\4.0.3\spring-boot-hibernate-4.0.3.jar;C:\Users\merlin\.m2\repository\org\springframework\boot\spring-boot-jpa\4.0.3\spring-boot-jpa
Launcher Type: SUN_STANDARD

[Global flags]
     intx CICompilerCount                          = 3                                         {product} {ergonomic}
     uint ConcGCThreads                            = 1                                         {product} {ergonomic}
     uint G1ConcRefinementThreads                  = 4                                         {product} {ergonomic}
   size_t G1HeapRegionSize                         = 1048576                                   {product} {ergonomic}
    uintx GCDrainStackTargetSize                   = 64                                        {product} {ergonomic}
   size_t InitialHeapSize                          = 67108864                                  {product} {ergonomic}
   size_t MarkStackSize                            = 4194304                                   {product} {ergonomic}
   size_t MaxHeapSize                              = 1050673152                                {product} {ergonomic}
   size_t MaxNewSize                               = 630194176                                 {product} {ergonomic}
   size_t MinHeapDeltaBytes                        = 1048576                                   {product} {ergonomic}
   size_t MinHeapSize                              = 8388608                                   {product} {ergonomic}
    uintx NonNMethodCodeHeapSize                   = 5832780                                {pd product} {ergonomic}
    uintx NonProfiledCodeHeapSize                  = 122912730                              {pd product} {ergonomic}
    uintx ProfiledCodeHeapSize                     = 122912730                              {pd product} {ergonomic}
    uintx ReservedCodeCacheSize                    = 251658240                              {pd product} {ergonomic}
     bool SegmentedCodeCache                       = true                                      {product} {ergonomic}
   size_t SoftMaxHeapSize                          = 1050673152                             {manageable} {ergonomic}
     bool UseCompressedClassPointers               = true                           {product lp64_product} {ergonomic}
     bool UseCompressedOops                        = true                           {product lp64_product} {ergonomic}
     bool UseG1GC                                  = true                                      {product} {ergonomic}
     bool UseLargePagesIndividualAllocation        = false                                  {pd product} {ergonomic}

Logging:
Log output configuration:
 #0: stdout all=warning uptime,level,tags
 #1: stderr all=off uptime,level,tags

Environment Variables:
PATH=C:\Program Files\Microsoft MPI\Bin\;C:\Program Files\Common Files\Oracle\Java\javapath;C:\WINDOWS\system32;C:\WINDOWS;C:\WINDOWS\System32\Wbem;C:\WINDOWS\System32\WindowsPowerShell\v1.0\;C:\Program Files\dotnet\;C:\Program Files\Microsoft SQL Server\150\Tools\Binn\;C:\Program Files\Microsoft SQL Server\Client SDK\ODBC\170\Tools\Binn\;C:\Program Files\Git\cmd;C:\apache-maven-3.9.11\bin;C:\Program Files\Docker\Docker\resources\bin;C:\Program Files (x86)\Microsoft SQL Server\170\Tools\Binn\;C:\Program Files\Microsoft SQL Server\170\Tools\Binn\;C:\Program Files\Microsoft SQL Server\Client SDK\ODBC\180\Tools\Binn\;C:\Program Files\Microsoft SQL Server\170\DTS\Binn\;C:\Users\merlin\AppData\Local\nvm;C:\nvm4w\nodejs;C:\Users\merlin\AppData\Local\Programs\Python\Launcher\;C:\Program Files\MySQL\MySQL Shell 8.0\bin\;C:\Users\merlin\AppData\Local\Microsoft\WindowsApps;C:\Users\merlin\AppData\Local\Programs\Microsoft VS Code\bin;C:\Users\merlin\.dotnet\tools;C:\Users\merlin\AppData\Local\GitHubDesktop\bin;C:\Users\merlin\AppData\Roaming\npm;C:\Users\merlin\AppData\Local\nvm;C:\nvm4w\nodejs
USERNAME=merlin
OS=Windows_NT
PROCESSOR_IDENTIFIER=Intel64 Family 6 Model 69 Stepping 1, GenuineIntel
TMP=C:\Users\merlin\AppData\Local\Temp
TEMP=C:\Users\merlin\AppData\Local\Temp



Periodic native trim disabled


---------------  S Y S T E M  ---------------

OS:
 Windows 11 , 64 bit Build 26100 (10.0.26100.4484)
OS uptime: 0 days 7:17 hours
Hyper-V role detected

CPU: total 4 (initial active 4) (2 cores per cpu, 2 threads per core) family 6 model 69 stepping 1 microcode 0x26, cx8, cmov, fxsr, ht, mmx, sse, sse2, sse3, ssse3, sse4.1, sse4.2, popcnt, lzcnt, tsc, tscinvbit, avx, avx2, aes, erms, clmul, bmi1, bmi2, fma, vzeroupper, clflush, hv
Processor Information for the first 4 processors :
  Max Mhz: 2501, Current Mhz: 2501, Mhz Limit: 2501

Memory: 4k page, system-wide physical 4001M (457M free)
TotalPageFile size 12193M (AvailPageFile size 19M)
current process WorkingSet (physical memory assigned to process): 273M, peak: 288M
current process commit charge ("private bytes"): 355M, peak: 355M

vm_info: OpenJDK 64-Bit Server VM (17.0.17+10-LTS) for windows-amd64 JRE (17.0.17+10-LTS), built on Oct 13 2025 22:19:56 by "MicrosoftCorporation" with unknown MS VC++:1944

END.
